Tue, 25 Nov 2014 00:37:03 utility.py[line:29] DEBUG =====第 1 次总轮循
Tue, 25 Nov 2014 00:37:05 utility.py[line:29] DEBUG 文章url已经存在
Tue, 25 Nov 2014 00:37:05 utility.py[line:29] DEBUG 文章url已经存在
Tue, 25 Nov 2014 00:37:05 utility.py[line:29] DEBUG 文章url已经存在
Tue, 25 Nov 2014 00:37:05 utility.py[line:29] DEBUG 文章url已经存在
Tue, 25 Nov 2014 00:37:05 utility.py[line:29] DEBUG 文章url已经存在
Tue, 25 Nov 2014 00:37:05 utility.py[line:29] DEBUG 文章url已经存在
Tue, 25 Nov 2014 00:37:05 utility.py[line:29] DEBUG 文章url已经存在
Tue, 25 Nov 2014 00:37:05 utility.py[line:29] DEBUG 文章url已经存在
Tue, 25 Nov 2014 00:37:06 utility.py[line:29] DEBUG 文章url已经存在
Tue, 25 Nov 2014 00:37:06 utility.py[line:29] DEBUG 文章url已经存在
Tue, 25 Nov 2014 00:37:06 utility.py[line:29] DEBUG 文章url已经存在
Tue, 25 Nov 2014 00:37:06 utility.py[line:29] DEBUG 文章url已经存在
Tue, 25 Nov 2014 00:37:06 utility.py[line:29] DEBUG 文章url已经存在
Tue, 25 Nov 2014 00:37:06 utility.py[line:29] DEBUG 文章url已经存在
Tue, 25 Nov 2014 00:37:06 utility.py[line:29] DEBUG 文章url已经存在
Tue, 25 Nov 2014 00:37:06 utility.py[line:29] DEBUG 文章url已经存在
Tue, 25 Nov 2014 00:37:06 utility.py[line:29] DEBUG 文章url已经存在
Tue, 25 Nov 2014 00:37:06 utility.py[line:29] DEBUG 文章url已经存在
Tue, 25 Nov 2014 00:37:06 utility.py[line:29] DEBUG 文章url已经存在
Tue, 25 Nov 2014 00:37:06 utility.py[line:29] DEBUG 文章url已经存在
Tue, 25 Nov 2014 00:37:06 utility.py[line:29] DEBUG 文章url已经存在
Tue, 25 Nov 2014 00:37:06 utility.py[line:29] DEBUG 文章url已经存在
Tue, 25 Nov 2014 00:37:06 utility.py[line:29] DEBUG 文章url已经存在
Tue, 25 Nov 2014 00:37:06 utility.py[line:29] DEBUG 文章url已经存在
Tue, 25 Nov 2014 00:37:06 utility.py[line:29] DEBUG 文章url已经存在
Tue, 25 Nov 2014 00:37:06 utility.py[line:29] DEBUG 文章url已经存在
Tue, 25 Nov 2014 00:37:06 utility.py[line:29] DEBUG 文章url已经存在
Tue, 25 Nov 2014 00:37:06 utility.py[line:29] DEBUG 文章url已经存在
Tue, 25 Nov 2014 00:37:06 utility.py[line:29] DEBUG 文章url已经存在
Tue, 25 Nov 2014 00:37:06 utility.py[line:29] DEBUG 文章url已经存在
Tue, 25 Nov 2014 00:37:06 utility.py[line:29] DEBUG 文章url已经存在
Tue, 25 Nov 2014 00:37:06 utility.py[line:29] DEBUG 文章url已经存在
Tue, 25 Nov 2014 00:37:06 utility.py[line:29] DEBUG 文章url已经存在
Tue, 25 Nov 2014 00:37:06 utility.py[line:29] DEBUG 文章url已经存在
Tue, 25 Nov 2014 00:37:06 utility.py[line:29] DEBUG 文章url已经存在
Tue, 25 Nov 2014 00:37:06 utility.py[line:29] DEBUG 文章url已经存在
Tue, 25 Nov 2014 00:37:06 utility.py[line:29] DEBUG 文章url已经存在
Tue, 25 Nov 2014 00:37:06 utility.py[line:29] DEBUG 文章url已经存在
Tue, 25 Nov 2014 00:37:06 utility.py[line:29] DEBUG 文章url已经存在
Tue, 25 Nov 2014 00:37:06 utility.py[line:29] DEBUG 文章url已经存在
Tue, 25 Nov 2014 00:37:07 utility.py[line:29] DEBUG 文章url已经存在
Tue, 25 Nov 2014 00:37:07 utility.py[line:29] DEBUG 文章url已经存在
Tue, 25 Nov 2014 00:37:07 utility.py[line:29] DEBUG 文章url已经存在
Tue, 25 Nov 2014 00:37:07 utility.py[line:29] DEBUG 文章url已经存在
Tue, 25 Nov 2014 00:37:07 utility.py[line:29] DEBUG 文章url已经存在
Tue, 25 Nov 2014 00:37:07 utility.py[line:29] DEBUG 文章url已经存在
Tue, 25 Nov 2014 00:37:07 utility.py[line:29] DEBUG 文章url已经存在
Tue, 25 Nov 2014 00:37:07 utility.py[line:29] DEBUG 文章url已经存在
Tue, 25 Nov 2014 00:37:07 utility.py[line:29] DEBUG 文章url已经存在
Tue, 25 Nov 2014 00:37:07 utility.py[line:29] DEBUG 文章url已经存在
Tue, 25 Nov 2014 00:37:07 utility.py[line:29] DEBUG 文章url已经存在
Tue, 25 Nov 2014 00:37:07 utility.py[line:29] DEBUG 文章url已经存在
Tue, 25 Nov 2014 00:37:07 utility.py[line:29] DEBUG 文章url已经存在
Tue, 25 Nov 2014 00:37:07 utility.py[line:29] DEBUG 文章url已经存在
Tue, 25 Nov 2014 00:37:07 utility.py[line:29] DEBUG 文章url已经存在
Tue, 25 Nov 2014 00:37:07 utility.py[line:29] DEBUG 文章url已经存在
Tue, 25 Nov 2014 00:37:07 utility.py[line:29] DEBUG 文章url已经存在
Tue, 25 Nov 2014 00:37:07 utility.py[line:29] DEBUG 文章url已经存在
Tue, 25 Nov 2014 00:37:07 utility.py[line:29] DEBUG 文章url已经存在
Tue, 25 Nov 2014 00:37:07 utility.py[line:29] DEBUG 文章url已经存在
Tue, 25 Nov 2014 00:37:07 utility.py[line:29] DEBUG 文章url已经存在
Tue, 25 Nov 2014 00:37:07 utility.py[line:29] DEBUG 文章url已经存在
Tue, 25 Nov 2014 00:37:07 utility.py[line:29] DEBUG 文章url已经存在
Tue, 25 Nov 2014 00:37:07 utility.py[line:29] DEBUG 文章url已经存在
Tue, 25 Nov 2014 00:37:08 utility.py[line:29] DEBUG 已保存文章url： http://filmav.com/52873.html
Tue, 25 Nov 2014 00:37:08 utility.py[line:29] DEBUG 已保存文章url： http://filmav.com/52881.html
Tue, 25 Nov 2014 00:37:08 utility.py[line:29] DEBUG 已保存文章url： http://filmav.com/52877.html
Tue, 25 Nov 2014 00:37:08 utility.py[line:29] DEBUG 已保存文章url： http://filmav.com/52871.html
Tue, 25 Nov 2014 00:37:08 utility.py[line:29] DEBUG 已保存文章url： http://filmav.com/52889.html
Tue, 25 Nov 2014 00:37:08 utility.py[line:29] DEBUG 已保存文章url： http://filmav.com/52879.html
Tue, 25 Nov 2014 00:37:08 utility.py[line:29] DEBUG 已保存文章url： http://filmav.com/52891.html
Tue, 25 Nov 2014 00:37:08 utility.py[line:29] DEBUG 已保存文章url： http://filmav.com/52863.html
Tue, 25 Nov 2014 00:37:08 utility.py[line:29] DEBUG 已保存文章url： http://filmav.com/52723.html
Tue, 25 Nov 2014 00:37:08 utility.py[line:29] DEBUG 已保存文章url： http://filmav.com/52717.html
Tue, 25 Nov 2014 00:37:08 utility.py[line:29] DEBUG 已保存文章url： http://filmav.com/52719.html
Tue, 25 Nov 2014 00:37:08 utility.py[line:29] DEBUG 已保存文章url： http://filmav.com/52705.html
Tue, 25 Nov 2014 00:37:08 utility.py[line:29] DEBUG 已保存文章url： http://filmav.com/52709.html
Tue, 25 Nov 2014 00:37:08 utility.py[line:29] DEBUG 已保存文章url： http://filmav.com/52707.html
Tue, 25 Nov 2014 00:37:08 utility.py[line:29] DEBUG 已保存文章url： http://filmav.com/52711.html
Tue, 25 Nov 2014 00:37:08 utility.py[line:29] DEBUG 已保存文章url： http://filmav.com/52695.html
Tue, 25 Nov 2014 00:37:18 spider.py[line:214] DEBUG 首页抓取不是200,返回状态码：500
Tue, 25 Nov 2014 00:37:18 spider.py[line:214] DEBUG 首页抓取不是200,返回状态码：500
Tue, 25 Nov 2014 00:37:18 spider.py[line:214] DEBUG 首页抓取不是200,返回状态码：500
Tue, 25 Nov 2014 00:37:18 spider.py[line:214] DEBUG 首页抓取不是200,返回状态码：500
Tue, 25 Nov 2014 00:37:18 spider.py[line:214] DEBUG 首页抓取不是200,返回状态码：500
Tue, 25 Nov 2014 00:37:18 spider.py[line:214] DEBUG 首页抓取不是200,返回状态码：500
Tue, 25 Nov 2014 00:37:18 spider.py[line:214] DEBUG 首页抓取不是200,返回状态码：500
Tue, 25 Nov 2014 00:37:18 spider.py[line:214] DEBUG 首页抓取不是200,返回状态码：500
Tue, 25 Nov 2014 00:37:18 spider.py[line:214] DEBUG 首页抓取不是200,返回状态码：500
Tue, 25 Nov 2014 00:37:18 spider.py[line:214] DEBUG 首页抓取不是200,返回状态码：500
Tue, 25 Nov 2014 00:37:18 spider.py[line:214] DEBUG 首页抓取不是200,返回状态码：500
Tue, 25 Nov 2014 00:37:18 spider.py[line:214] DEBUG 首页抓取不是200,返回状态码：500
Tue, 25 Nov 2014 00:37:18 spider.py[line:214] DEBUG 首页抓取不是200,返回状态码：500
Tue, 25 Nov 2014 00:37:20 utility.py[line:29] DEBUG 文章url已经存在
Tue, 25 Nov 2014 00:37:20 utility.py[line:29] DEBUG 文章url已经存在
Tue, 25 Nov 2014 00:37:20 utility.py[line:29] DEBUG 文章url已经存在
Tue, 25 Nov 2014 00:37:20 utility.py[line:29] DEBUG 文章url已经存在
Tue, 25 Nov 2014 00:37:20 utility.py[line:29] DEBUG 文章url已经存在
Tue, 25 Nov 2014 00:37:20 utility.py[line:29] DEBUG 文章url已经存在
Tue, 25 Nov 2014 00:37:20 utility.py[line:29] DEBUG 文章url已经存在
Tue, 25 Nov 2014 00:37:20 utility.py[line:29] DEBUG 文章url已经存在
Tue, 25 Nov 2014 00:37:23 utility.py[line:29] DEBUG 已保存文章url： http://filmav.com/51943.html
Tue, 25 Nov 2014 00:37:23 utility.py[line:29] DEBUG 已保存文章url： http://filmav.com/51950.html
Tue, 25 Nov 2014 00:37:23 utility.py[line:29] DEBUG 已保存文章url： http://filmav.com/51935.html
Tue, 25 Nov 2014 00:37:23 utility.py[line:29] DEBUG 已保存文章url： http://filmav.com/51947.html
Tue, 25 Nov 2014 00:37:23 utility.py[line:29] DEBUG 已保存文章url： http://filmav.com/51941.html
Tue, 25 Nov 2014 00:37:23 utility.py[line:29] DEBUG 已保存文章url： http://filmav.com/51930.html
Tue, 25 Nov 2014 00:37:23 utility.py[line:29] DEBUG 已保存文章url： http://filmav.com/51952.html
Tue, 25 Nov 2014 00:37:23 utility.py[line:29] DEBUG 已保存文章url： http://filmav.com/51928.html
Tue, 25 Nov 2014 00:37:25 utility.py[line:29] DEBUG 文章url已经存在
Tue, 25 Nov 2014 00:37:25 utility.py[line:29] DEBUG 文章url已经存在
Tue, 25 Nov 2014 00:37:25 utility.py[line:29] DEBUG 文章url已经存在
Tue, 25 Nov 2014 00:37:25 utility.py[line:29] DEBUG 文章url已经存在
Tue, 25 Nov 2014 00:37:25 utility.py[line:29] DEBUG 文章url已经存在
Tue, 25 Nov 2014 00:37:25 utility.py[line:29] DEBUG 文章url已经存在
Tue, 25 Nov 2014 00:37:25 utility.py[line:29] DEBUG 文章url已经存在
Tue, 25 Nov 2014 00:37:25 utility.py[line:29] DEBUG 文章url已经存在
Tue, 25 Nov 2014 00:37:28 utility.py[line:29] DEBUG 已保存文章url： http://filmav.com/49924.html
Tue, 25 Nov 2014 00:37:28 utility.py[line:29] DEBUG 已保存文章url： http://filmav.com/49918.html
Tue, 25 Nov 2014 00:37:28 utility.py[line:29] DEBUG 已保存文章url： http://filmav.com/49930.html
Tue, 25 Nov 2014 00:37:28 utility.py[line:29] DEBUG 已保存文章url： http://filmav.com/49921.html
Tue, 25 Nov 2014 00:37:28 utility.py[line:29] DEBUG 已保存文章url： http://filmav.com/49916.html
Tue, 25 Nov 2014 00:37:28 utility.py[line:29] DEBUG 已保存文章url： http://filmav.com/49926.html
Tue, 25 Nov 2014 00:37:28 utility.py[line:29] DEBUG 已保存文章url： http://filmav.com/49850.html
Tue, 25 Nov 2014 00:37:28 utility.py[line:29] DEBUG 已保存文章url： http://filmav.com/49904.html
Tue, 25 Nov 2014 00:37:31 utility.py[line:29] DEBUG 文章url已经存在
Tue, 25 Nov 2014 00:37:31 utility.py[line:29] DEBUG 文章url已经存在
Tue, 25 Nov 2014 00:37:31 utility.py[line:29] DEBUG 文章url已经存在
Tue, 25 Nov 2014 00:37:31 utility.py[line:29] DEBUG 文章url已经存在
Tue, 25 Nov 2014 00:37:31 utility.py[line:29] DEBUG 文章url已经存在
Tue, 25 Nov 2014 00:37:31 utility.py[line:29] DEBUG 文章url已经存在
Tue, 25 Nov 2014 00:37:31 utility.py[line:29] DEBUG 文章url已经存在
Tue, 25 Nov 2014 00:37:31 utility.py[line:29] DEBUG 文章url已经存在
Tue, 25 Nov 2014 00:37:32 utility.py[line:29] DEBUG 文章url已经存在
Tue, 25 Nov 2014 00:37:32 utility.py[line:29] DEBUG 文章url已经存在
Tue, 25 Nov 2014 00:37:32 utility.py[line:29] DEBUG 文章url已经存在
Tue, 25 Nov 2014 00:37:32 utility.py[line:29] DEBUG 文章url已经存在
Tue, 25 Nov 2014 00:37:32 utility.py[line:29] DEBUG 文章url已经存在
Tue, 25 Nov 2014 00:37:32 utility.py[line:29] DEBUG 文章url已经存在
Tue, 25 Nov 2014 00:37:32 utility.py[line:29] DEBUG 文章url已经存在
Tue, 25 Nov 2014 00:37:32 utility.py[line:29] DEBUG 文章url已经存在
Tue, 25 Nov 2014 00:37:34 utility.py[line:29] DEBUG 文章url已经存在
Tue, 25 Nov 2014 00:37:34 utility.py[line:29] DEBUG 文章url已经存在
Tue, 25 Nov 2014 00:37:34 utility.py[line:29] DEBUG 文章url已经存在
Tue, 25 Nov 2014 00:37:34 utility.py[line:29] DEBUG 文章url已经存在
Tue, 25 Nov 2014 00:37:34 utility.py[line:29] DEBUG 文章url已经存在
Tue, 25 Nov 2014 00:37:34 utility.py[line:29] DEBUG 文章url已经存在
Tue, 25 Nov 2014 00:37:34 utility.py[line:29] DEBUG 文章url已经存在
Tue, 25 Nov 2014 00:37:34 utility.py[line:29] DEBUG 文章url已经存在
Tue, 25 Nov 2014 00:37:43 utility.py[line:29] DEBUG 开始新线程报错：can't start new thread
Tue, 25 Nov 2014 00:37:45 spider.py[line:214] DEBUG 首页抓取不是200,返回状态码：500
Tue, 25 Nov 2014 00:37:45 spider.py[line:214] DEBUG 首页抓取不是200,返回状态码：500
Tue, 25 Nov 2014 00:37:45 spider.py[line:214] DEBUG 首页抓取不是200,返回状态码：500
Tue, 25 Nov 2014 00:37:45 spider.py[line:214] DEBUG 首页抓取不是200,返回状态码：500
Tue, 25 Nov 2014 00:37:45 spider.py[line:214] DEBUG 首页抓取不是200,返回状态码：500
Tue, 25 Nov 2014 00:37:45 spider.py[line:214] DEBUG 首页抓取不是200,返回状态码：500
Tue, 25 Nov 2014 00:37:45 spider.py[line:214] DEBUG 首页抓取不是200,返回状态码：500
Tue, 25 Nov 2014 00:37:45 spider.py[line:214] DEBUG 首页抓取不是200,返回状态码：500
Tue, 25 Nov 2014 00:37:46 spider.py[line:214] DEBUG 首页抓取不是200,返回状态码：500
Tue, 25 Nov 2014 00:37:46 spider.py[line:214] DEBUG 首页抓取不是200,返回状态码：500
Tue, 25 Nov 2014 00:37:46 spider.py[line:214] DEBUG 首页抓取不是200,返回状态码：500
Tue, 25 Nov 2014 00:37:46 spider.py[line:214] DEBUG 首页抓取不是200,返回状态码：500
Tue, 25 Nov 2014 00:37:46 spider.py[line:214] DEBUG 首页抓取不是200,返回状态码：500
Tue, 25 Nov 2014 00:37:46 spider.py[line:214] DEBUG 首页抓取不是200,返回状态码：500
Tue, 25 Nov 2014 00:37:46 spider.py[line:214] DEBUG 首页抓取不是200,返回状态码：500
Tue, 25 Nov 2014 00:37:46 spider.py[line:214] DEBUG 首页抓取不是200,返回状态码：500
Tue, 25 Nov 2014 00:37:47 spider.py[line:214] DEBUG 首页抓取不是200,返回状态码：500
Tue, 25 Nov 2014 00:37:47 spider.py[line:214] DEBUG 首页抓取不是200,返回状态码：500
Tue, 25 Nov 2014 00:37:47 spider.py[line:214] DEBUG 首页抓取不是200,返回状态码：500
Tue, 25 Nov 2014 00:37:47 spider.py[line:214] DEBUG 首页抓取不是200,返回状态码：500
Tue, 25 Nov 2014 00:37:47 spider.py[line:214] DEBUG 首页抓取不是200,返回状态码：500
Tue, 25 Nov 2014 00:37:47 spider.py[line:214] DEBUG 首页抓取不是200,返回状态码：500
Tue, 25 Nov 2014 00:37:47 spider.py[line:214] DEBUG 首页抓取不是200,返回状态码：500
Tue, 25 Nov 2014 00:37:47 spider.py[line:214] DEBUG 首页抓取不是200,返回状态码：500
Tue, 25 Nov 2014 00:37:47 spider.py[line:214] DEBUG 首页抓取不是200,返回状态码：500
Tue, 25 Nov 2014 00:37:47 spider.py[line:214] DEBUG 首页抓取不是200,返回状态码：500
Tue, 25 Nov 2014 00:37:47 spider.py[line:214] DEBUG 首页抓取不是200,返回状态码：500
Tue, 25 Nov 2014 00:37:47 spider.py[line:214] DEBUG 首页抓取不是200,返回状态码：500
Tue, 25 Nov 2014 00:37:48 spider.py[line:214] DEBUG 首页抓取不是200,返回状态码：500
Tue, 25 Nov 2014 00:37:48 spider.py[line:214] DEBUG 首页抓取不是200,返回状态码：500
Tue, 25 Nov 2014 00:37:48 spider.py[line:214] DEBUG 首页抓取不是200,返回状态码：500
Tue, 25 Nov 2014 00:37:48 spider.py[line:214] DEBUG 首页抓取不是200,返回状态码：500
Tue, 25 Nov 2014 00:37:48 spider.py[line:214] DEBUG 首页抓取不是200,返回状态码：500
Tue, 25 Nov 2014 00:37:48 spider.py[line:214] DEBUG 首页抓取不是200,返回状态码：500
Tue, 25 Nov 2014 00:37:48 spider.py[line:214] DEBUG 首页抓取不是200,返回状态码：500
Tue, 25 Nov 2014 00:37:48 spider.py[line:214] DEBUG 首页抓取不是200,返回状态码：500
Tue, 25 Nov 2014 00:37:48 spider.py[line:214] DEBUG 首页抓取不是200,返回状态码：500
Tue, 25 Nov 2014 00:37:48 spider.py[line:214] DEBUG 首页抓取不是200,返回状态码：500
Tue, 25 Nov 2014 00:37:48 spider.py[line:214] DEBUG 首页抓取不是200,返回状态码：500
Tue, 25 Nov 2014 00:37:48 spider.py[line:214] DEBUG 首页抓取不是200,返回状态码：500
Tue, 25 Nov 2014 00:37:48 spider.py[line:214] DEBUG 首页抓取不是200,返回状态码：500
Tue, 25 Nov 2014 00:37:48 spider.py[line:214] DEBUG 首页抓取不是200,返回状态码：500
Tue, 25 Nov 2014 00:37:48 spider.py[line:214] DEBUG 首页抓取不是200,返回状态码：500
Tue, 25 Nov 2014 00:37:48 spider.py[line:214] DEBUG 首页抓取不是200,返回状态码：500
Tue, 25 Nov 2014 00:37:48 spider.py[line:214] DEBUG 首页抓取不是200,返回状态码：500
Tue, 25 Nov 2014 00:37:48 spider.py[line:214] DEBUG 首页抓取不是200,返回状态码：500
Tue, 25 Nov 2014 00:37:48 spider.py[line:214] DEBUG 首页抓取不是200,返回状态码：500
Tue, 25 Nov 2014 00:37:48 spider.py[line:214] DEBUG 首页抓取不是200,返回状态码：500
Tue, 25 Nov 2014 00:37:48 spider.py[line:214] DEBUG 首页抓取不是200,返回状态码：500
Tue, 25 Nov 2014 00:37:48 spider.py[line:214] DEBUG 首页抓取不是200,返回状态码：500
Tue, 25 Nov 2014 00:37:48 spider.py[line:214] DEBUG 首页抓取不是200,返回状态码：500
Tue, 25 Nov 2014 00:37:48 spider.py[line:214] DEBUG 首页抓取不是200,返回状态码：500
Tue, 25 Nov 2014 00:37:48 spider.py[line:214] DEBUG 首页抓取不是200,返回状态码：500
Tue, 25 Nov 2014 00:37:48 spider.py[line:214] DEBUG 首页抓取不是200,返回状态码：500
Tue, 25 Nov 2014 00:37:48 spider.py[line:214] DEBUG 首页抓取不是200,返回状态码：500
Tue, 25 Nov 2014 00:37:49 spider.py[line:214] DEBUG 首页抓取不是200,返回状态码：500
Tue, 25 Nov 2014 00:37:49 spider.py[line:214] DEBUG 首页抓取不是200,返回状态码：500
Tue, 25 Nov 2014 00:37:49 spider.py[line:214] DEBUG 首页抓取不是200,返回状态码：500
Tue, 25 Nov 2014 00:37:49 spider.py[line:214] DEBUG 首页抓取不是200,返回状态码：500
Tue, 25 Nov 2014 00:37:49 spider.py[line:214] DEBUG 首页抓取不是200,返回状态码：500
Tue, 25 Nov 2014 00:37:49 spider.py[line:214] DEBUG 首页抓取不是200,返回状态码：500
Tue, 25 Nov 2014 00:37:49 spider.py[line:214] DEBUG 首页抓取不是200,返回状态码：500
Tue, 25 Nov 2014 00:37:49 spider.py[line:214] DEBUG 首页抓取不是200,返回状态码：500
Tue, 25 Nov 2014 00:37:49 spider.py[line:214] DEBUG 首页抓取不是200,返回状态码：500
Tue, 25 Nov 2014 00:37:49 spider.py[line:214] DEBUG 首页抓取不是200,返回状态码：500
Tue, 25 Nov 2014 00:37:50 spider.py[line:214] DEBUG 首页抓取不是200,返回状态码：500
Tue, 25 Nov 2014 00:37:50 spider.py[line:214] DEBUG 首页抓取不是200,返回状态码：500
Tue, 25 Nov 2014 00:37:50 spider.py[line:214] DEBUG 首页抓取不是200,返回状态码：500
Tue, 25 Nov 2014 00:37:50 spider.py[line:214] DEBUG 首页抓取不是200,返回状态码：500
Tue, 25 Nov 2014 00:37:50 spider.py[line:214] DEBUG 首页抓取不是200,返回状态码：500
Tue, 25 Nov 2014 00:37:50 spider.py[line:214] DEBUG 首页抓取不是200,返回状态码：500
Tue, 25 Nov 2014 00:37:50 spider.py[line:214] DEBUG 首页抓取不是200,返回状态码：500
Tue, 25 Nov 2014 00:37:50 spider.py[line:214] DEBUG 首页抓取不是200,返回状态码：500
Tue, 25 Nov 2014 00:37:50 spider.py[line:214] DEBUG 首页抓取不是200,返回状态码：500
Tue, 25 Nov 2014 00:37:50 spider.py[line:214] DEBUG 首页抓取不是200,返回状态码：500
Tue, 25 Nov 2014 00:37:50 spider.py[line:214] DEBUG 首页抓取不是200,返回状态码：500
Tue, 25 Nov 2014 00:37:50 spider.py[line:214] DEBUG 首页抓取不是200,返回状态码：500
Tue, 25 Nov 2014 00:37:50 spider.py[line:214] DEBUG 首页抓取不是200,返回状态码：500
Tue, 25 Nov 2014 00:37:50 spider.py[line:214] DEBUG 首页抓取不是200,返回状态码：500
Tue, 25 Nov 2014 00:37:50 spider.py[line:214] DEBUG 首页抓取不是200,返回状态码：500
Tue, 25 Nov 2014 00:37:50 spider.py[line:214] DEBUG 首页抓取不是200,返回状态码：500
Tue, 25 Nov 2014 00:37:50 spider.py[line:214] DEBUG 首页抓取不是200,返回状态码：500
Tue, 25 Nov 2014 00:37:51 spider.py[line:214] DEBUG 首页抓取不是200,返回状态码：500
Tue, 25 Nov 2014 00:37:51 spider.py[line:214] DEBUG 首页抓取不是200,返回状态码：500
Tue, 25 Nov 2014 00:37:51 spider.py[line:214] DEBUG 首页抓取不是200,返回状态码：500
Tue, 25 Nov 2014 00:37:51 spider.py[line:214] DEBUG 首页抓取不是200,返回状态码：500
Tue, 25 Nov 2014 00:37:51 spider.py[line:214] DEBUG 首页抓取不是200,返回状态码：500
Tue, 25 Nov 2014 00:37:51 spider.py[line:214] DEBUG 首页抓取不是200,返回状态码：500
Tue, 25 Nov 2014 00:37:51 spider.py[line:214] DEBUG 首页抓取不是200,返回状态码：500
Tue, 25 Nov 2014 00:37:51 spider.py[line:214] DEBUG 首页抓取不是200,返回状态码：500
Tue, 25 Nov 2014 00:37:52 spider.py[line:214] DEBUG 首页抓取不是200,返回状态码：500
Tue, 25 Nov 2014 00:37:52 spider.py[line:214] DEBUG 首页抓取不是200,返回状态码：500
Tue, 25 Nov 2014 00:37:52 spider.py[line:214] DEBUG 首页抓取不是200,返回状态码：500
Tue, 25 Nov 2014 00:37:52 spider.py[line:214] DEBUG 首页抓取不是200,返回状态码：500
Tue, 25 Nov 2014 00:37:52 spider.py[line:214] DEBUG 首页抓取不是200,返回状态码：500
Tue, 25 Nov 2014 00:37:52 spider.py[line:214] DEBUG 首页抓取不是200,返回状态码：500
Tue, 25 Nov 2014 00:37:52 spider.py[line:214] DEBUG 首页抓取不是200,返回状态码：500
Tue, 25 Nov 2014 00:37:52 spider.py[line:214] DEBUG 首页抓取不是200,返回状态码：500
Tue, 25 Nov 2014 00:37:53 spider.py[line:214] DEBUG 首页抓取不是200,返回状态码：500
Tue, 25 Nov 2014 00:37:53 spider.py[line:214] DEBUG 首页抓取不是200,返回状态码：500
Tue, 25 Nov 2014 00:37:53 spider.py[line:214] DEBUG 首页抓取不是200,返回状态码：500
Tue, 25 Nov 2014 00:37:53 spider.py[line:214] DEBUG 首页抓取不是200,返回状态码：500
Tue, 25 Nov 2014 00:37:53 spider.py[line:214] DEBUG 首页抓取不是200,返回状态码：500
Tue, 25 Nov 2014 00:37:53 spider.py[line:214] DEBUG 首页抓取不是200,返回状态码：500
Tue, 25 Nov 2014 00:37:54 spider.py[line:214] DEBUG 首页抓取不是200,返回状态码：500
Tue, 25 Nov 2014 00:37:54 spider.py[line:214] DEBUG 首页抓取不是200,返回状态码：500
Tue, 25 Nov 2014 00:37:54 spider.py[line:214] DEBUG 首页抓取不是200,返回状态码：500
Tue, 25 Nov 2014 00:37:54 spider.py[line:214] DEBUG 首页抓取不是200,返回状态码：500
Tue, 25 Nov 2014 00:37:54 spider.py[line:214] DEBUG 首页抓取不是200,返回状态码：500
Tue, 25 Nov 2014 00:37:54 spider.py[line:214] DEBUG 首页抓取不是200,返回状态码：500
Tue, 25 Nov 2014 00:37:54 spider.py[line:214] DEBUG 首页抓取不是200,返回状态码：500
Tue, 25 Nov 2014 00:37:54 spider.py[line:214] DEBUG 首页抓取不是200,返回状态码：500
Tue, 25 Nov 2014 00:37:55 spider.py[line:214] DEBUG 首页抓取不是200,返回状态码：500
Tue, 25 Nov 2014 00:37:55 spider.py[line:214] DEBUG 首页抓取不是200,返回状态码：500
Tue, 25 Nov 2014 00:37:55 spider.py[line:214] DEBUG 首页抓取不是200,返回状态码：500
Tue, 25 Nov 2014 00:37:55 spider.py[line:214] DEBUG 首页抓取不是200,返回状态码：500
Tue, 25 Nov 2014 00:37:55 spider.py[line:214] DEBUG 首页抓取不是200,返回状态码：500
Tue, 25 Nov 2014 00:37:55 spider.py[line:214] DEBUG 首页抓取不是200,返回状态码：500
Tue, 25 Nov 2014 00:38:18 utility.py[line:29] DEBUG 已保存文章url： http://filmav.com/52422.html
Tue, 25 Nov 2014 00:38:18 utility.py[line:29] DEBUG 已保存文章url： http://filmav.com/52475.html
Tue, 25 Nov 2014 00:38:18 utility.py[line:29] DEBUG 已保存文章url： http://filmav.com/52462.html
Tue, 25 Nov 2014 00:38:18 utility.py[line:29] DEBUG 已保存文章url： http://filmav.com/52470.html
Tue, 25 Nov 2014 00:38:18 utility.py[line:29] DEBUG 已保存文章url： http://filmav.com/52467.html
Tue, 25 Nov 2014 00:38:18 utility.py[line:29] DEBUG 已保存文章url： http://filmav.com/52416.html
Tue, 25 Nov 2014 00:38:18 utility.py[line:29] DEBUG 已保存文章url： http://filmav.com/52457.html
Tue, 25 Nov 2014 00:38:18 utility.py[line:29] DEBUG 已保存文章url： http://filmav.com/52452.html
Tue, 25 Nov 2014 11:35:07 utility.py[line:29] DEBUG =====第 1 次总轮循
Tue, 25 Nov 2014 11:35:15 utility.py[line:29] DEBUG 已保存文章url： http://filmav.com/54482.html
Tue, 25 Nov 2014 11:35:15 utility.py[line:29] DEBUG 已保存文章url： http://filmav.com/54537.html
Tue, 25 Nov 2014 11:35:15 utility.py[line:29] DEBUG 已保存文章url： http://filmav.com/54543.html
Tue, 25 Nov 2014 11:35:15 utility.py[line:29] DEBUG 已保存文章url： http://filmav.com/54497.html
Tue, 25 Nov 2014 11:35:15 utility.py[line:29] DEBUG 已保存文章url： http://filmav.com/54548.html
Tue, 25 Nov 2014 11:35:15 utility.py[line:29] DEBUG 已保存文章url： http://filmav.com/54569.html
Tue, 25 Nov 2014 11:35:15 utility.py[line:29] DEBUG 已保存文章url： http://filmav.com/54558.html
Tue, 25 Nov 2014 11:35:15 utility.py[line:29] DEBUG 已保存文章url： http://filmav.com/54561.html
Tue, 25 Nov 2014 11:35:15 utility.py[line:29] DEBUG 已保存文章url： http://filmav.com/54517.html
Tue, 25 Nov 2014 11:35:15 utility.py[line:29] DEBUG 已保存文章url： http://filmav.com/54550.html
Tue, 25 Nov 2014 11:35:15 utility.py[line:29] DEBUG 已保存文章url： http://filmav.com/54535.html
Tue, 25 Nov 2014 11:35:15 utility.py[line:29] DEBUG 已保存文章url： http://filmav.com/54465.html
Tue, 25 Nov 2014 11:35:15 utility.py[line:29] DEBUG 已保存文章url： http://filmav.com/54467.html
Tue, 25 Nov 2014 11:35:15 utility.py[line:29] DEBUG 建立抓取文章的线程池...开始抓取
Tue, 25 Nov 2014 11:35:16 utility.py[line:29] DEBUG 抓取文章标题：xxx-av 21700 ドMのパンスケは喉の奥まで犯したれや！SAKI
Tue, 25 Nov 2014 11:35:16 utility.py[line:29] DEBUG 开始新线程报错：(OperationalError) (1054, "Unknown column 'articles.unrar_times' in 'field list'") 'SELECT articles.id AS articles_id, articles.website AS articles_website, articles.title AS articles_title, articles.is_posted AS articles_is_posted, articles.unrar_times AS articles_unrar_times, articles.can_posted AS articles_can_posted, articles.body AS articles_body, articles.file_name AS articles_file_name, articles.file_link_id AS articles_file_link_id \nFROM articles \nWHERE articles.title = %s \n LIMIT %s' (u'xxx-av 21700 \u30c9M\u306e\u30d1\u30f3\u30b9\u30b1\u306f\u5589\u306e\u5965\u307e\u3067\u72af\u3057\u305f\u308c\u3084\uff01SAKI', 1)
Tue, 25 Nov 2014 11:35:17 utility.py[line:29] DEBUG 抓取文章标题：Muramura 112514_160 ムラムラってくる素人 ～車のジャンクヤード屋さんってこんな場所 ～久々に青姦で刺激が欲しいカップル～みなみ
Tue, 25 Nov 2014 11:35:17 utility.py[line:29] DEBUG 抓取文章标题：10musume 112514_01 天然むすめ 112514_01 岡田優子 ～秘蔵マンコセレクション ～自慢のクリトリス見てね！
Tue, 25 Nov 2014 11:35:20 utility.py[line:29] DEBUG 抓取文章标题：HEYZO 0735 Yuki Shinoda 篠田ゆき – AV出演を迷っている素人娘をなし崩し的に撮影しちゃいました！
Tue, 25 Nov 2014 11:35:22 utility.py[line:29] DEBUG 抓取文章标题：gachinco gachi795 ガチん娘! gachi795 由里子　－素人生撮りファイル122－
Tue, 25 Nov 2014 11:35:25 utility.py[line:29] DEBUG 抓取文章标题：kin8tengoku 1167 金8天国 1167 金髪天国 ママには内緒にしてあげる・・そのかわり・・義父の顔騎願望 / グレーシー グラム
Tue, 25 Nov 2014 11:35:25 utility.py[line:29] DEBUG 抓取文章标题：peepsa bb1021 samurai2M VIP 大阪流”ありえへん”マッサージ店に通う患者達 Part13
Tue, 25 Nov 2014 11:35:25 utility.py[line:29] DEBUG 抓取文章标题：caribbeancom 112414-743 カリビアンコム 112414-743 京野明日香 昔からのファンに感謝！AV復帰童貞狩り！
Tue, 25 Nov 2014 11:35:26 utility.py[line:29] DEBUG 抓取文章标题：kt-joker qyt054 怪盗ジョーカー お銀さんの「洗面所突入レポート！！」 File.54 エロすぎる捻り？
Tue, 25 Nov 2014 11:35:26 utility.py[line:29] DEBUG =====第 2 次总轮循
Tue, 25 Nov 2014 11:35:26 utility.py[line:29] DEBUG 抓取文章标题：pacopacomama 112514_294 パコパコママ 112514_294 木田晴美 – ワケあり人妻デリバリー
Tue, 25 Nov 2014 11:35:28 utility.py[line:29] DEBUG 抓取文章标题：Real-diva 5254 個人撮影 覗き見！ライブチャットオナニー！～韓国編～ 長い黒髪のスレンダー美女が本気オナニー
Tue, 25 Nov 2014 11:37:41 utility.py[line:29] DEBUG =====第 1 次总轮循
Tue, 25 Nov 2014 11:38:52 utility.py[line:29] DEBUG =====第 1 次总轮循
Tue, 25 Nov 2014 11:38:59 utility.py[line:29] DEBUG save article url ： http://filmav.com/54497.html
Tue, 25 Nov 2014 11:38:59 utility.py[line:29] DEBUG save article url ： http://filmav.com/54543.html
Tue, 25 Nov 2014 11:38:59 utility.py[line:29] DEBUG save article url ： http://filmav.com/54548.html
Tue, 25 Nov 2014 11:38:59 utility.py[line:29] DEBUG save article url ： http://filmav.com/54537.html
Tue, 25 Nov 2014 11:38:59 utility.py[line:29] DEBUG save article url ： http://filmav.com/54561.html
Tue, 25 Nov 2014 11:38:59 utility.py[line:29] DEBUG save article url ： http://filmav.com/54558.html
Tue, 25 Nov 2014 11:38:59 utility.py[line:29] DEBUG save article url ： http://filmav.com/54535.html
Tue, 25 Nov 2014 11:38:59 utility.py[line:29] DEBUG save article url ： http://filmav.com/54517.html
Tue, 25 Nov 2014 11:38:59 utility.py[line:29] DEBUG save article url ： http://filmav.com/54467.html
Tue, 25 Nov 2014 11:38:59 utility.py[line:29] DEBUG save article url ： http://filmav.com/54569.html
Tue, 25 Nov 2014 11:38:59 utility.py[line:29] DEBUG save article url ： http://filmav.com/54550.html
Tue, 25 Nov 2014 11:38:59 utility.py[line:29] DEBUG save article url ： http://filmav.com/54482.html
Tue, 25 Nov 2014 11:38:59 utility.py[line:29] DEBUG save article url ： http://filmav.com/54465.html
Tue, 25 Nov 2014 11:38:59 utility.py[line:29] DEBUG 建立抓取文章的线程池...开始抓取
Tue, 25 Nov 2014 11:39:04 utility.py[line:29] DEBUG 抓取文章标题：10musume 112514_01 天然むすめ 112514_01 岡田優子 ～秘蔵マンコセレクション ～自慢のクリトリス見てね！
Tue, 25 Nov 2014 11:39:04 utility.py[line:29] DEBUG 创建文章实例（--> 文章标题）10musume 112514_01 天然むすめ 112514_01 岡田優子 ～秘蔵マンコセレクション ～自慢のクリトリス見てね！
Tue, 25 Nov 2014 11:39:04 utility.py[line:29] DEBUG 抓取文章分类：10musume
Tue, 25 Nov 2014 11:39:04 utility.py[line:29] DEBUG 抓取文章分类：Uncensored
Tue, 25 Nov 2014 11:39:04 utility.py[line:29] DEBUG 抓取文章标签：天然むすめ
Tue, 25 Nov 2014 11:39:04 utility.py[line:29] DEBUG 添加文章标签：天然むすめ
Tue, 25 Nov 2014 11:39:04 utility.py[line:29] DEBUG 抓取文章标签：岡田優子
Tue, 25 Nov 2014 11:39:04 utility.py[line:29] DEBUG 添加文章标签：岡田優子
Tue, 25 Nov 2014 11:39:04 utility.py[line:29] DEBUG 抓取文章标签：岡田優子
Tue, 25 Nov 2014 11:39:04 utility.py[line:29] DEBUG 开始抓取old download links
Tue, 25 Nov 2014 11:39:04 utility.py[line:29] DEBUG article successful
Tue, 25 Nov 2014 11:39:04 utility.py[line:29] DEBUG 抓取文章标题：HEYZO 0735 Yuki Shinoda 篠田ゆき – AV出演を迷っている素人娘をなし崩し的に撮影しちゃいました！
Tue, 25 Nov 2014 11:39:04 utility.py[line:29] DEBUG 创建文章实例（--> 文章标题）HEYZO 0735 Yuki Shinoda 篠田ゆき – AV出演を迷っている素人娘をなし崩し的に撮影しちゃいました！
Tue, 25 Nov 2014 11:39:04 utility.py[line:29] DEBUG 抓取文章分类：Heyzo
Tue, 25 Nov 2014 11:39:04 utility.py[line:29] DEBUG 抓取文章分类：Uncensored
Tue, 25 Nov 2014 11:39:04 utility.py[line:29] DEBUG 抓取文章标签：篠田ゆき
Tue, 25 Nov 2014 11:39:04 utility.py[line:29] DEBUG 添加文章标签：篠田ゆき
Tue, 25 Nov 2014 11:39:04 utility.py[line:29] DEBUG 抓取文章标签：篠田ゆき
Tue, 25 Nov 2014 11:39:04 utility.py[line:29] DEBUG 开始抓取old download links
Tue, 25 Nov 2014 11:39:04 utility.py[line:29] DEBUG 抓取文章标题：Muramura 112514_160 ムラムラってくる素人 ～車のジャンクヤード屋さんってこんな場所 ～久々に青姦で刺激が欲しいカップル～みなみ
Tue, 25 Nov 2014 11:39:04 utility.py[line:29] DEBUG 创建文章实例（--> 文章标题）Muramura 112514_160 ムラムラってくる素人 ～車のジャンクヤード屋さんってこんな場所 ～久々に青姦で刺激が欲しいカップル～みなみ
Tue, 25 Nov 2014 11:39:04 utility.py[line:29] DEBUG 抓取文章分类：Muramura
Tue, 25 Nov 2014 11:39:04 utility.py[line:29] DEBUG 抓取文章分类：Uncensored
Tue, 25 Nov 2014 11:39:04 utility.py[line:29] DEBUG 抓取文章标签：ムラムラってくる素人
Tue, 25 Nov 2014 11:39:04 utility.py[line:29] DEBUG 添加文章标签：ムラムラってくる素人
Tue, 25 Nov 2014 11:39:04 utility.py[line:29] DEBUG 抓取文章标签：みなみ
Tue, 25 Nov 2014 11:39:04 utility.py[line:29] DEBUG 添加文章标签：みなみ
Tue, 25 Nov 2014 11:39:04 utility.py[line:29] DEBUG 抓取文章标签：みなみ
Tue, 25 Nov 2014 11:39:04 utility.py[line:29] DEBUG 开始抓取old download links
Tue, 25 Nov 2014 11:39:04 utility.py[line:29] DEBUG article successful
Tue, 25 Nov 2014 11:39:06 utility.py[line:29] DEBUG 抓取文件名：heyzo_hd_0735_full.part1.rar，文件夹大小：(402.00 MB) 
Tue, 25 Nov 2014 11:39:06 utility.py[line:29] DEBUG 抓取 old download link: http://www.uploadable.ch/file/jcps8SXYMu9Y
Tue, 25 Nov 2014 11:39:09 utility.py[line:29] DEBUG 抓取文章标题：zipang 5442 シ○ウトTV出演演激カワ素人娘 素人AV体験撮影 無修正版 蘭香編
Tue, 25 Nov 2014 11:39:09 utility.py[line:29] DEBUG 创建文章实例（--> 文章标题）zipang 5442 シ○ウトTV出演演激カワ素人娘 素人AV体験撮影 無修正版 蘭香編
Tue, 25 Nov 2014 11:39:09 utility.py[line:29] DEBUG 抓取文章分类：Uncensored
Tue, 25 Nov 2014 11:39:09 utility.py[line:29] DEBUG 抓取文章分类：zipang
Tue, 25 Nov 2014 11:39:09 utility.py[line:29] DEBUG 抓取文章标签：素人AV体験撮影
Tue, 25 Nov 2014 11:39:09 utility.py[line:29] DEBUG 添加文章标签：素人AV体験撮影
Tue, 25 Nov 2014 11:39:09 utility.py[line:29] DEBUG 抓取文章标签：蘭香
Tue, 25 Nov 2014 11:39:09 utility.py[line:29] DEBUG 添加文章标签：蘭香
Tue, 25 Nov 2014 11:39:09 utility.py[line:29] DEBUG 抓取文章标签：蘭香
Tue, 25 Nov 2014 11:39:09 utility.py[line:29] DEBUG 抓取文章标签：蘭香
Tue, 25 Nov 2014 11:39:09 utility.py[line:29] DEBUG 开始抓取old download links
Tue, 25 Nov 2014 11:39:09 utility.py[line:29] DEBUG 抓取文章标题：Real-diva 5254 個人撮影 覗き見！ライブチャットオナニー！～韓国編～ 長い黒髪のスレンダー美女が本気オナニー
Tue, 25 Nov 2014 11:39:09 utility.py[line:29] DEBUG 创建文章实例（--> 文章标题）Real-diva 5254 個人撮影 覗き見！ライブチャットオナニー！～韓国編～ 長い黒髪のスレンダー美女が本気オナニー
Tue, 25 Nov 2014 11:39:09 utility.py[line:29] DEBUG 抓取文章分类：Real-diva
Tue, 25 Nov 2014 11:39:09 utility.py[line:29] DEBUG 抓取文章分类：Uncensored
Tue, 25 Nov 2014 11:39:09 utility.py[line:29] DEBUG 抓取文章标签：個人撮影
Tue, 25 Nov 2014 11:39:09 utility.py[line:29] DEBUG 添加文章标签：個人撮影
Tue, 25 Nov 2014 11:39:09 utility.py[line:29] DEBUG 开始抓取old download links
Tue, 25 Nov 2014 11:39:09 utility.py[line:29] DEBUG 抓取文件名：heyzo_hd_0735_full.part2.rar，文件夹大小：(402.00 MB) 
Tue, 25 Nov 2014 11:39:09 utility.py[line:29] DEBUG 抓取 old download link: http://www.uploadable.ch/file/EtC4uwkNZQz5
Tue, 25 Nov 2014 11:39:10 utility.py[line:29] DEBUG 抓取文章标题：caribbeancom 112414-743 カリビアンコム 112414-743 京野明日香 昔からのファンに感謝！AV復帰童貞狩り！
Tue, 25 Nov 2014 11:39:10 utility.py[line:29] DEBUG 创建文章实例（--> 文章标题）caribbeancom 112414-743 カリビアンコム 112414-743 京野明日香 昔からのファンに感謝！AV復帰童貞狩り！
Tue, 25 Nov 2014 11:39:10 utility.py[line:29] DEBUG 抓取文章分类：Caribbeancom
Tue, 25 Nov 2014 11:39:10 utility.py[line:29] DEBUG 抓取文章分类：Uncensored
Tue, 25 Nov 2014 11:39:10 utility.py[line:29] DEBUG 抓取文章标签：カリビアンコム
Tue, 25 Nov 2014 11:39:10 utility.py[line:29] DEBUG 添加文章标签：カリビアンコム
Tue, 25 Nov 2014 11:39:10 utility.py[line:29] DEBUG 抓取文章标签：京野明日香
Tue, 25 Nov 2014 11:39:10 utility.py[line:29] DEBUG 添加文章标签：京野明日香
Tue, 25 Nov 2014 11:39:10 utility.py[line:29] DEBUG 抓取文章标签：京野明日香
Tue, 25 Nov 2014 11:39:10 utility.py[line:29] DEBUG 抓取文章标签：京野明日香
Tue, 25 Nov 2014 11:39:10 utility.py[line:29] DEBUG 开始抓取old download links
Tue, 25 Nov 2014 11:39:10 utility.py[line:29] DEBUG article successful
Tue, 25 Nov 2014 11:39:11 utility.py[line:29] DEBUG 抓取文件名：detail_5254.wmv，文件夹大小：(135.69 MB) 
Tue, 25 Nov 2014 11:39:11 utility.py[line:29] DEBUG 抓取 old download link: http://www.uploadable.ch/file/CfZ4XvZ9N3qG/detail_5254.wmv
Tue, 25 Nov 2014 11:39:12 utility.py[line:29] DEBUG 抓取文件名：detail_5254.wmv，文件夹大小：(135.69 MB) 
Tue, 25 Nov 2014 11:39:12 utility.py[line:29] DEBUG 抓取 old download link: http://www.uploadable.ch/file/CfZ4XvZ9N3qG/detail_5254.wmv
Tue, 25 Nov 2014 11:39:12 utility.py[line:29] DEBUG article successful
Tue, 25 Nov 2014 11:39:12 utility.py[line:29] DEBUG 抓取文章标题：peepsa bb1021 samurai2M VIP 大阪流”ありえへん”マッサージ店に通う患者達 Part13
Tue, 25 Nov 2014 11:39:12 utility.py[line:29] DEBUG 创建文章实例（--> 文章标题）peepsa bb1021 samurai2M VIP 大阪流”ありえへん”マッサージ店に通う患者達 Part13
Tue, 25 Nov 2014 11:39:12 utility.py[line:29] DEBUG 抓取文章分类：peepsamurai
Tue, 25 Nov 2014 11:39:12 utility.py[line:29] DEBUG 抓取文章分类：Uncensored
Tue, 25 Nov 2014 11:39:12 utility.py[line:29] DEBUG 开始抓取old download links
Tue, 25 Nov 2014 11:39:13 utility.py[line:29] DEBUG 抓取文章标题：kt-joker qyt054 怪盗ジョーカー お銀さんの「洗面所突入レポート！！」 File.54 エロすぎる捻り？
Tue, 25 Nov 2014 11:39:13 utility.py[line:29] DEBUG 创建文章实例（--> 文章标题）kt-joker qyt054 怪盗ジョーカー お銀さんの「洗面所突入レポート！！」 File.54 エロすぎる捻り？
Tue, 25 Nov 2014 11:39:13 utility.py[line:29] DEBUG 抓取文章分类：kt-joker
Tue, 25 Nov 2014 11:39:13 utility.py[line:29] DEBUG 抓取文章分类：the-101
Tue, 25 Nov 2014 11:39:13 utility.py[line:29] DEBUG 抓取文章分类：Uncensored
Tue, 25 Nov 2014 11:39:13 utility.py[line:29] DEBUG 抓取文章标签：怪盗ジョーカー
Tue, 25 Nov 2014 11:39:13 utility.py[line:29] DEBUG 添加文章标签：怪盗ジョーカー
Tue, 25 Nov 2014 11:39:13 utility.py[line:29] DEBUG 抓取文章标签：お銀
Tue, 25 Nov 2014 11:39:13 utility.py[line:29] DEBUG 添加文章标签：お銀
Tue, 25 Nov 2014 11:39:13 utility.py[line:29] DEBUG 抓取文章标签：洗面所突入レポート
Tue, 25 Nov 2014 11:39:13 utility.py[line:29] DEBUG 添加文章标签：洗面所突入レポート
Tue, 25 Nov 2014 11:39:13 utility.py[line:29] DEBUG 抓取文章标签：お銀
Tue, 25 Nov 2014 11:39:13 utility.py[line:29] DEBUG 开始抓取old download links
Tue, 25 Nov 2014 11:39:13 utility.py[line:29] DEBUG article successful
Tue, 25 Nov 2014 11:39:13 utility.py[line:29] DEBUG 抓取文件名：heyzo_hd_0735_full.part3.rar，文件夹大小：(402.00 MB) 
Tue, 25 Nov 2014 11:39:13 utility.py[line:29] DEBUG 抓取 old download link: http://www.uploadable.ch/file/bsBaBXhrZ5Ys
Tue, 25 Nov 2014 11:39:14 utility.py[line:29] DEBUG 抓取文件名：samurai2M-bb1021.wmv，文件夹大小：(619.13 MB) 
Tue, 25 Nov 2014 11:39:14 utility.py[line:29] DEBUG 抓取 old download link: http://www.uploadable.ch/file/cETuNjzPfYc9/samurai2M-bb1021.wmv
Tue, 25 Nov 2014 11:39:14 utility.py[line:29] DEBUG 抓取文章标题：kin8tengoku 1167 金8天国 1167 金髪天国 ママには内緒にしてあげる・・そのかわり・・義父の顔騎願望 / グレーシー グラム
Tue, 25 Nov 2014 11:39:14 utility.py[line:29] DEBUG 创建文章实例（--> 文章标题）kin8tengoku 1167 金8天国 1167 金髪天国 ママには内緒にしてあげる・・そのかわり・・義父の顔騎願望 / グレーシー グラム
Tue, 25 Nov 2014 11:39:14 utility.py[line:29] DEBUG 抓取文章分类：Kin8tengoku
Tue, 25 Nov 2014 11:39:14 utility.py[line:29] DEBUG 抓取文章分类：Uncensored
Tue, 25 Nov 2014 11:39:14 utility.py[line:29] DEBUG 抓取文章标签：金8天国
Tue, 25 Nov 2014 11:39:14 utility.py[line:29] DEBUG 添加文章标签：金8天国
Tue, 25 Nov 2014 11:39:14 utility.py[line:29] DEBUG 抓取文章标签：金髪天国
Tue, 25 Nov 2014 11:39:14 utility.py[line:29] DEBUG 添加文章标签：金髪天国
Tue, 25 Nov 2014 11:39:14 utility.py[line:29] DEBUG 抓取文章标签：グレーシー グラム
Tue, 25 Nov 2014 11:39:14 utility.py[line:29] DEBUG 添加文章标签：グレーシー グラム
Tue, 25 Nov 2014 11:39:14 utility.py[line:29] DEBUG 抓取文章标签：グレーシー グラム
Tue, 25 Nov 2014 11:39:14 utility.py[line:29] DEBUG 开始抓取old download links
Tue, 25 Nov 2014 11:39:15 utility.py[line:29] DEBUG 抓取文件名：samurai2M-bb1021.wmv，文件夹大小：(619.13 MB) 
Tue, 25 Nov 2014 11:39:15 utility.py[line:29] DEBUG 抓取 old download link: http://www.uploadable.ch/file/cETuNjzPfYc9/samurai2M-bb1021.wmv
Tue, 25 Nov 2014 11:39:15 utility.py[line:29] DEBUG 抓取文件名：kin8-1167-hd.part1.rar，文件夹大小：(422.00 MB) 
Tue, 25 Nov 2014 11:39:15 utility.py[line:29] DEBUG 抓取 old download link: http://www.uploadable.ch/file/tmxhrZpbyXHx
Tue, 25 Nov 2014 11:39:15 utility.py[line:29] DEBUG article successful
Tue, 25 Nov 2014 11:39:16 utility.py[line:29] DEBUG 抓取文件名：heyzo_hd_0735_full.part4.rar，文件夹大小：(402.00 MB) 
Tue, 25 Nov 2014 11:39:16 utility.py[line:29] DEBUG 抓取 old download link: http://www.uploadable.ch/file/zgM9rdzrbMwt
Tue, 25 Nov 2014 11:39:16 utility.py[line:29] DEBUG 抓取文章标题：pacopacomama 112514_294 パコパコママ 112514_294 木田晴美 – ワケあり人妻デリバリー
Tue, 25 Nov 2014 11:39:16 utility.py[line:29] DEBUG 创建文章实例（--> 文章标题）pacopacomama 112514_294 パコパコママ 112514_294 木田晴美 – ワケあり人妻デリバリー
Tue, 25 Nov 2014 11:39:16 utility.py[line:29] DEBUG 抓取文章分类：Pacopacomama
Tue, 25 Nov 2014 11:39:16 utility.py[line:29] DEBUG 抓取文章分类：Uncensored
Tue, 25 Nov 2014 11:39:16 utility.py[line:29] DEBUG 抓取文章标签：パコパコママ
Tue, 25 Nov 2014 11:39:16 utility.py[line:29] DEBUG 添加文章标签：パコパコママ
Tue, 25 Nov 2014 11:39:16 utility.py[line:29] DEBUG 抓取文章标签：木田晴美
Tue, 25 Nov 2014 11:39:16 utility.py[line:29] DEBUG 添加文章标签：木田晴美
Tue, 25 Nov 2014 11:39:16 utility.py[line:29] DEBUG 抓取文章标签：木田晴美
Tue, 25 Nov 2014 11:39:16 utility.py[line:29] DEBUG 开始抓取old download links
Tue, 25 Nov 2014 11:39:16 utility.py[line:29] DEBUG 抓取文章标题：xxx-av 21700 ドMのパンスケは喉の奥まで犯したれや！SAKI
Tue, 25 Nov 2014 11:39:16 utility.py[line:29] DEBUG 创建文章实例（--> 文章标题）xxx-av 21700 ドMのパンスケは喉の奥まで犯したれや！SAKI
Tue, 25 Nov 2014 11:39:16 utility.py[line:29] DEBUG 抓取文章分类：Uncensored
Tue, 25 Nov 2014 11:39:16 utility.py[line:29] DEBUG 抓取文章分类：xxx-av
Tue, 25 Nov 2014 11:39:16 utility.py[line:29] DEBUG 开始抓取old download links
Tue, 25 Nov 2014 11:39:17 utility.py[line:29] DEBUG 抓取文章标题：ittele 0870-0869 個人撮影 激撮！中国富裕層の仮面乱交パーティの実態！ウェディングドレス前編 後編
Tue, 25 Nov 2014 11:39:17 utility.py[line:29] DEBUG 创建文章实例（--> 文章标题）ittele 0870-0869 個人撮影 激撮！中国富裕層の仮面乱交パーティの実態！ウェディングドレス前編 後編
Tue, 25 Nov 2014 11:39:17 utility.py[line:29] DEBUG 抓取文章分类：ittele
Tue, 25 Nov 2014 11:39:17 utility.py[line:29] DEBUG 抓取文章分类：Uncensored
Tue, 25 Nov 2014 11:39:17 utility.py[line:29] DEBUG 抓取文章标签：個人撮影
Tue, 25 Nov 2014 11:39:17 utility.py[line:29] DEBUG 抓取文章标签：中国富裕層
Tue, 25 Nov 2014 11:39:17 utility.py[line:29] DEBUG 添加文章标签：中国富裕層
Tue, 25 Nov 2014 11:39:17 utility.py[line:29] DEBUG 抓取文章标签：個人撮影
Tue, 25 Nov 2014 11:39:17 utility.py[line:29] DEBUG 抓取文章标签：中国富裕層
Tue, 25 Nov 2014 11:39:17 utility.py[line:29] DEBUG 开始抓取old download links
Tue, 25 Nov 2014 11:39:17 utility.py[line:29] DEBUG 抓取文件名：xxx-av-21700.part1.rar，文件夹大小：(422.00 MB) 
Tue, 25 Nov 2014 11:39:17 utility.py[line:29] DEBUG 抓取 old download link: http://www.uploadable.ch/file/c3uFSpCAw67v
Tue, 25 Nov 2014 11:39:18 utility.py[line:29] DEBUG 抓取文件名：kin8-1167-hd.part2.rar，文件夹大小：(422.00 MB) 
Tue, 25 Nov 2014 11:39:18 utility.py[line:29] DEBUG 抓取 old download link: http://www.uploadable.ch/file/eXpMMNSgepGe
Tue, 25 Nov 2014 11:39:19 utility.py[line:29] DEBUG 抓取文件名：heyzo_hd_0735_full.part5.rar，文件夹大小：(402.00 MB) 
Tue, 25 Nov 2014 11:39:19 utility.py[line:29] DEBUG 抓取 old download link: http://www.uploadable.ch/file/XqMwk5YYS4bt
Tue, 25 Nov 2014 11:39:19 utility.py[line:29] DEBUG 抓取文件名：xxx-av-21700.part2.rar，文件夹大小：(422.00 MB) 
Tue, 25 Nov 2014 11:39:19 utility.py[line:29] DEBUG 抓取 old download link: http://www.uploadable.ch/file/fnTv4xbaqapT
Tue, 25 Nov 2014 11:39:19 utility.py[line:29] DEBUG 抓取文件名：ittele-0869.wmv，文件夹大小：(348.84 MB) 
Tue, 25 Nov 2014 11:39:19 utility.py[line:29] DEBUG 抓取 old download link: http://www.uploadable.ch/file/fjdzRc3rVYWV/ittele-0869.wmv
Tue, 25 Nov 2014 11:39:20 utility.py[line:29] DEBUG 抓取文件名：xxx-av-21700.part3.rar，文件夹大小：(379.86 MB) 
Tue, 25 Nov 2014 11:39:20 utility.py[line:29] DEBUG 抓取 old download link: http://www.uploadable.ch/file/Ab2yHMg7Qk6Z
Tue, 25 Nov 2014 11:39:20 utility.py[line:29] DEBUG article successful
Tue, 25 Nov 2014 11:39:20 utility.py[line:29] DEBUG 抓取文件名：kin8-1167-hd.part3.rar，文件夹大小：(422.00 MB) 
Tue, 25 Nov 2014 11:39:20 utility.py[line:29] DEBUG 抓取 old download link: http://www.uploadable.ch/file/2BzwK8kXbbUD
Tue, 25 Nov 2014 11:39:21 utility.py[line:29] DEBUG 抓取文件名：heyzo_hd_0735_full.part6.rar，文件夹大小：(266.76 MB) 
Tue, 25 Nov 2014 11:39:21 utility.py[line:29] DEBUG 抓取 old download link: http://www.uploadable.ch/file/DZxyU8HKd7Km
Tue, 25 Nov 2014 11:39:21 utility.py[line:29] DEBUG article successful
Tue, 25 Nov 2014 11:39:21 utility.py[line:29] DEBUG 抓取文件名：kin8-1167-hd.part4.rar，文件夹大小：(422.00 MB) 
Tue, 25 Nov 2014 11:39:21 utility.py[line:29] DEBUG 抓取 old download link: http://www.uploadable.ch/file/5zWu9QtYsfsF
Tue, 25 Nov 2014 11:39:22 utility.py[line:29] DEBUG 抓取文件名：ittele-0869.wmv，文件夹大小：(348.84 MB) 
Tue, 25 Nov 2014 11:39:22 utility.py[line:29] DEBUG 抓取 old download link: http://www.uploadable.ch/file/fjdzRc3rVYWV/ittele-0869.wmv
Tue, 25 Nov 2014 11:39:22 utility.py[line:29] DEBUG 抓取文件名：paco-112514_294-fhd.part1.rar，文件夹大小：(402.00 MB) 
Tue, 25 Nov 2014 11:39:22 utility.py[line:29] DEBUG 抓取 old download link: http://www.uploadable.ch/file/WU2RpdRjXJRj
Tue, 25 Nov 2014 11:39:23 utility.py[line:29] DEBUG 抓取文件名：kin8-1167-hd.part5.rar，文件夹大小：(422.00 MB) 
Tue, 25 Nov 2014 11:39:23 utility.py[line:29] DEBUG 抓取 old download link: http://www.uploadable.ch/file/FMTbNynE4nkT
Tue, 25 Nov 2014 11:39:23 utility.py[line:29] DEBUG 抓取文件名：ittele-0870.wmv，文件夹大小：(246.66 MB) 
Tue, 25 Nov 2014 11:39:23 utility.py[line:29] DEBUG 抓取 old download link: http://www.uploadable.ch/file/bFQqTYjmqtZP/ittele-0870.wmv
Tue, 25 Nov 2014 11:39:24 utility.py[line:29] DEBUG 抓取文件名：zipang-5442.wmv，文件夹大小：(622.92 MB) 
Tue, 25 Nov 2014 11:39:24 utility.py[line:29] DEBUG 抓取 old download link: http://www.uploadable.ch/file/MJnUVkpupVrg/zipang-5442.wmv
Tue, 25 Nov 2014 11:39:24 utility.py[line:29] DEBUG 抓取文件名：paco-112514_294-fhd.part2.rar，文件夹大小：(402.00 MB) 
Tue, 25 Nov 2014 11:39:24 utility.py[line:29] DEBUG 抓取 old download link: http://www.uploadable.ch/file/2zPZ4kcb7BGQ
Tue, 25 Nov 2014 11:39:24 utility.py[line:29] DEBUG 抓取文件名：kin8-1167-hd.part6.rar，文件夹大小：(336.69 MB) 
Tue, 25 Nov 2014 11:39:24 utility.py[line:29] DEBUG 抓取 old download link: http://www.uploadable.ch/file/fgrN8Dsut6sJ
Tue, 25 Nov 2014 11:39:24 utility.py[line:29] DEBUG article successful
Tue, 25 Nov 2014 11:39:25 utility.py[line:29] DEBUG 抓取文件名：ittele-0870.wmv，文件夹大小：(246.66 MB) 
Tue, 25 Nov 2014 11:39:25 utility.py[line:29] DEBUG 抓取 old download link: http://www.uploadable.ch/file/bFQqTYjmqtZP/ittele-0870.wmv
Tue, 25 Nov 2014 11:39:25 utility.py[line:29] DEBUG article successful
Tue, 25 Nov 2014 11:39:25 utility.py[line:29] DEBUG 抓取文件名：paco-112514_294-fhd.part3.rar，文件夹大小：(402.00 MB) 
Tue, 25 Nov 2014 11:39:25 utility.py[line:29] DEBUG 抓取 old download link: http://www.uploadable.ch/file/jPmTg5B4EPXf
Tue, 25 Nov 2014 11:39:25 utility.py[line:29] DEBUG 抓取文件名：zipang-5442.wmv，文件夹大小：(622.92 MB) 
Tue, 25 Nov 2014 11:39:25 utility.py[line:29] DEBUG 抓取 old download link: http://www.uploadable.ch/file/MJnUVkpupVrg/zipang-5442.wmv
Tue, 25 Nov 2014 11:39:26 utility.py[line:29] DEBUG article successful
Tue, 25 Nov 2014 11:39:27 utility.py[line:29] DEBUG 抓取文件名：paco-112514_294-fhd.part4.rar，文件夹大小：(270.58 MB) 
Tue, 25 Nov 2014 11:39:27 utility.py[line:29] DEBUG 抓取 old download link: http://www.uploadable.ch/file/rCEV4ECtspza
Tue, 25 Nov 2014 11:39:27 utility.py[line:29] DEBUG article successful
Tue, 25 Nov 2014 11:39:27 utility.py[line:29] DEBUG 抓取文章标题：gachinco gachi795 ガチん娘! gachi795 由里子　－素人生撮りファイル122－
Tue, 25 Nov 2014 11:39:27 utility.py[line:29] DEBUG 创建文章实例（--> 文章标题）gachinco gachi795 ガチん娘! gachi795 由里子　－素人生撮りファイル122－
Tue, 25 Nov 2014 11:39:27 utility.py[line:29] DEBUG 抓取文章分类：Gachinco
Tue, 25 Nov 2014 11:39:27 utility.py[line:29] DEBUG 抓取文章分类：Uncensored
Tue, 25 Nov 2014 11:39:27 utility.py[line:29] DEBUG 抓取文章标签：ガチん娘
Tue, 25 Nov 2014 11:39:27 utility.py[line:29] DEBUG 添加文章标签：ガチん娘
Tue, 25 Nov 2014 11:39:27 utility.py[line:29] DEBUG 抓取文章标签：由里子
Tue, 25 Nov 2014 11:39:27 utility.py[line:29] DEBUG 添加文章标签：由里子
Tue, 25 Nov 2014 11:39:27 utility.py[line:29] DEBUG 抓取文章标签：素人生撮りファイル
Tue, 25 Nov 2014 11:39:27 utility.py[line:29] DEBUG 添加文章标签：素人生撮りファイル
Tue, 25 Nov 2014 11:39:27 utility.py[line:29] DEBUG 抓取文章标签：由里子
Tue, 25 Nov 2014 11:39:27 utility.py[line:29] DEBUG 抓取文章标签：由里子
Tue, 25 Nov 2014 11:39:27 utility.py[line:29] DEBUG 开始抓取old download links
Tue, 25 Nov 2014 11:39:27 utility.py[line:29] DEBUG article successful
Tue, 25 Nov 2014 11:39:37 utility.py[line:29] DEBUG =====第 2 次总轮循
Tue, 25 Nov 2014 15:48:28 utility.py[line:29] DEBUG =====第 1 次总轮循
Tue, 25 Nov 2014 15:49:02 utility.py[line:29] DEBUG =====第 1 次总轮循
Tue, 25 Nov 2014 15:49:12 utility.py[line:29] DEBUG =====第 2 次总轮循
Tue, 25 Nov 2014 15:49:22 utility.py[line:29] DEBUG =====第 3 次总轮循
Tue, 25 Nov 2014 15:49:23 utility.py[line:29] DEBUG =====第 1 次总轮循
Tue, 25 Nov 2014 15:49:32 utility.py[line:29] DEBUG =====第 4 次总轮循
Tue, 25 Nov 2014 15:49:42 utility.py[line:29] DEBUG =====第 5 次总轮循
Tue, 25 Nov 2014 15:49:52 utility.py[line:29] DEBUG =====第 6 次总轮循
Tue, 25 Nov 2014 15:50:02 utility.py[line:29] DEBUG =====第 7 次总轮循
Tue, 25 Nov 2014 15:50:12 utility.py[line:29] DEBUG =====第 8 次总轮循
Tue, 25 Nov 2014 15:50:22 utility.py[line:29] DEBUG =====第 9 次总轮循
Tue, 25 Nov 2014 15:50:32 utility.py[line:29] DEBUG =====第 10 次总轮循
Tue, 25 Nov 2014 15:50:42 utility.py[line:29] DEBUG =====第 11 次总轮循
Tue, 25 Nov 2014 15:50:52 utility.py[line:29] DEBUG =====第 12 次总轮循
Tue, 25 Nov 2014 15:51:02 utility.py[line:29] DEBUG =====第 13 次总轮循
Tue, 25 Nov 2014 15:51:12 utility.py[line:29] DEBUG =====第 14 次总轮循
Tue, 25 Nov 2014 15:51:22 utility.py[line:29] DEBUG =====第 15 次总轮循
Tue, 25 Nov 2014 15:51:32 utility.py[line:29] DEBUG =====第 16 次总轮循
Tue, 25 Nov 2014 15:51:42 utility.py[line:29] DEBUG =====第 17 次总轮循
Tue, 25 Nov 2014 15:51:52 utility.py[line:29] DEBUG =====第 18 次总轮循
Tue, 25 Nov 2014 15:51:59 utility.py[line:29] DEBUG =====第 1 次总轮循
Tue, 25 Nov 2014 15:52:02 utility.py[line:29] DEBUG =====第 19 次总轮循
Tue, 25 Nov 2014 15:52:09 utility.py[line:29] DEBUG =====第 2 次总轮循
Tue, 25 Nov 2014 15:52:12 utility.py[line:29] DEBUG =====第 20 次总轮循
Tue, 25 Nov 2014 15:52:19 utility.py[line:29] DEBUG =====第 3 次总轮循
Tue, 25 Nov 2014 15:52:22 utility.py[line:29] DEBUG =====第 21 次总轮循
Tue, 25 Nov 2014 15:52:32 utility.py[line:29] DEBUG =====第 22 次总轮循
Tue, 25 Nov 2014 15:52:42 utility.py[line:29] DEBUG =====第 23 次总轮循
Tue, 25 Nov 2014 15:52:52 utility.py[line:29] DEBUG =====第 24 次总轮循
Tue, 25 Nov 2014 15:53:02 utility.py[line:29] DEBUG =====第 25 次总轮循
Tue, 25 Nov 2014 15:53:12 utility.py[line:29] DEBUG =====第 26 次总轮循
Tue, 25 Nov 2014 15:53:22 utility.py[line:29] DEBUG =====第 27 次总轮循
Tue, 25 Nov 2014 15:53:32 utility.py[line:29] DEBUG =====第 28 次总轮循
Tue, 25 Nov 2014 15:53:42 utility.py[line:29] DEBUG =====第 29 次总轮循
Tue, 25 Nov 2014 15:53:52 utility.py[line:29] DEBUG =====第 30 次总轮循
Tue, 25 Nov 2014 15:54:02 utility.py[line:29] DEBUG =====第 31 次总轮循
Tue, 25 Nov 2014 15:54:12 utility.py[line:29] DEBUG =====第 32 次总轮循
Tue, 25 Nov 2014 15:54:22 utility.py[line:29] DEBUG =====第 33 次总轮循
Tue, 25 Nov 2014 15:54:32 utility.py[line:29] DEBUG =====第 34 次总轮循
Tue, 25 Nov 2014 15:54:42 utility.py[line:29] DEBUG =====第 35 次总轮循
Tue, 25 Nov 2014 15:54:52 utility.py[line:29] DEBUG =====第 36 次总轮循
Tue, 25 Nov 2014 15:55:02 utility.py[line:29] DEBUG =====第 37 次总轮循
Tue, 25 Nov 2014 15:55:12 utility.py[line:29] DEBUG =====第 38 次总轮循
Tue, 25 Nov 2014 15:55:22 utility.py[line:29] DEBUG =====第 39 次总轮循
Tue, 25 Nov 2014 15:55:32 utility.py[line:29] DEBUG =====第 40 次总轮循
Tue, 25 Nov 2014 15:55:42 utility.py[line:29] DEBUG =====第 41 次总轮循
Tue, 25 Nov 2014 15:55:52 utility.py[line:29] DEBUG =====第 42 次总轮循
Tue, 25 Nov 2014 15:56:02 utility.py[line:29] DEBUG =====第 43 次总轮循
Tue, 25 Nov 2014 15:56:12 utility.py[line:29] DEBUG =====第 44 次总轮循
Tue, 25 Nov 2014 15:56:22 utility.py[line:29] DEBUG =====第 45 次总轮循
Tue, 25 Nov 2014 15:56:32 utility.py[line:29] DEBUG =====第 46 次总轮循
Tue, 25 Nov 2014 15:56:42 utility.py[line:29] DEBUG =====第 47 次总轮循
Tue, 25 Nov 2014 15:56:52 utility.py[line:29] DEBUG =====第 48 次总轮循
Tue, 25 Nov 2014 15:57:02 utility.py[line:29] DEBUG =====第 49 次总轮循
Tue, 25 Nov 2014 15:57:12 utility.py[line:29] DEBUG =====第 50 次总轮循
Tue, 25 Nov 2014 15:57:22 utility.py[line:29] DEBUG =====第 51 次总轮循
Tue, 25 Nov 2014 15:57:32 utility.py[line:29] DEBUG =====第 52 次总轮循
Tue, 25 Nov 2014 15:57:42 utility.py[line:29] DEBUG =====第 53 次总轮循
Tue, 25 Nov 2014 15:57:52 utility.py[line:29] DEBUG =====第 54 次总轮循
Tue, 25 Nov 2014 15:58:02 utility.py[line:29] DEBUG =====第 55 次总轮循
Tue, 25 Nov 2014 15:58:12 utility.py[line:29] DEBUG =====第 56 次总轮循
Tue, 25 Nov 2014 15:58:22 utility.py[line:29] DEBUG =====第 57 次总轮循
Tue, 25 Nov 2014 15:58:33 utility.py[line:29] DEBUG =====第 58 次总轮循
Tue, 25 Nov 2014 15:58:43 utility.py[line:29] DEBUG =====第 59 次总轮循
Tue, 25 Nov 2014 15:58:53 utility.py[line:29] DEBUG =====第 60 次总轮循
Tue, 25 Nov 2014 15:59:03 utility.py[line:29] DEBUG =====第 61 次总轮循
Tue, 25 Nov 2014 15:59:13 utility.py[line:29] DEBUG =====第 62 次总轮循
Tue, 25 Nov 2014 15:59:23 utility.py[line:29] DEBUG =====第 63 次总轮循
Tue, 25 Nov 2014 15:59:33 utility.py[line:29] DEBUG =====第 64 次总轮循
Tue, 25 Nov 2014 15:59:43 utility.py[line:29] DEBUG =====第 65 次总轮循
Tue, 25 Nov 2014 15:59:53 utility.py[line:29] DEBUG =====第 66 次总轮循
Tue, 25 Nov 2014 16:00:03 utility.py[line:29] DEBUG =====第 67 次总轮循
Tue, 25 Nov 2014 16:00:13 utility.py[line:29] DEBUG =====第 68 次总轮循
Tue, 25 Nov 2014 16:00:23 utility.py[line:29] DEBUG =====第 69 次总轮循
Tue, 25 Nov 2014 16:00:33 utility.py[line:29] DEBUG =====第 70 次总轮循
Tue, 25 Nov 2014 16:00:43 utility.py[line:29] DEBUG =====第 71 次总轮循
Tue, 25 Nov 2014 16:00:53 utility.py[line:29] DEBUG =====第 72 次总轮循
Tue, 25 Nov 2014 16:01:03 utility.py[line:29] DEBUG =====第 73 次总轮循
Tue, 25 Nov 2014 16:01:13 utility.py[line:29] DEBUG =====第 74 次总轮循
Tue, 25 Nov 2014 16:01:23 utility.py[line:29] DEBUG =====第 75 次总轮循
Tue, 25 Nov 2014 16:01:33 utility.py[line:29] DEBUG =====第 76 次总轮循
Tue, 25 Nov 2014 16:01:43 utility.py[line:29] DEBUG =====第 77 次总轮循
Tue, 25 Nov 2014 16:01:53 utility.py[line:29] DEBUG =====第 78 次总轮循
Tue, 25 Nov 2014 16:02:03 utility.py[line:29] DEBUG =====第 79 次总轮循
Tue, 25 Nov 2014 16:02:13 utility.py[line:29] DEBUG =====第 80 次总轮循
Tue, 25 Nov 2014 16:02:23 utility.py[line:29] DEBUG =====第 81 次总轮循
Tue, 25 Nov 2014 16:02:33 utility.py[line:29] DEBUG =====第 82 次总轮循
Tue, 25 Nov 2014 16:02:43 utility.py[line:29] DEBUG =====第 83 次总轮循
Tue, 25 Nov 2014 16:02:53 utility.py[line:29] DEBUG =====第 84 次总轮循
Tue, 25 Nov 2014 16:03:03 utility.py[line:29] DEBUG =====第 85 次总轮循
Tue, 25 Nov 2014 16:03:13 utility.py[line:29] DEBUG =====第 86 次总轮循
Tue, 25 Nov 2014 16:03:23 utility.py[line:29] DEBUG =====第 87 次总轮循
Tue, 25 Nov 2014 16:03:33 utility.py[line:29] DEBUG =====第 88 次总轮循
Tue, 25 Nov 2014 16:03:43 utility.py[line:29] DEBUG =====第 89 次总轮循
Tue, 25 Nov 2014 16:03:53 utility.py[line:29] DEBUG =====第 90 次总轮循
Tue, 25 Nov 2014 16:04:03 utility.py[line:29] DEBUG =====第 91 次总轮循
Tue, 25 Nov 2014 16:04:13 utility.py[line:29] DEBUG =====第 92 次总轮循
Tue, 25 Nov 2014 16:04:23 utility.py[line:29] DEBUG =====第 93 次总轮循
Tue, 25 Nov 2014 16:04:33 utility.py[line:29] DEBUG =====第 94 次总轮循
Tue, 25 Nov 2014 16:04:43 utility.py[line:29] DEBUG =====第 95 次总轮循
Tue, 25 Nov 2014 16:04:53 utility.py[line:29] DEBUG =====第 96 次总轮循
Tue, 25 Nov 2014 16:05:03 utility.py[line:29] DEBUG =====第 97 次总轮循
Tue, 25 Nov 2014 16:05:13 utility.py[line:29] DEBUG =====第 98 次总轮循
Tue, 25 Nov 2014 16:05:23 utility.py[line:29] DEBUG =====第 99 次总轮循
Tue, 25 Nov 2014 16:05:33 utility.py[line:29] DEBUG =====第 100 次总轮循
Tue, 25 Nov 2014 16:05:43 utility.py[line:29] DEBUG =====第 101 次总轮循
Tue, 25 Nov 2014 16:05:53 utility.py[line:29] DEBUG =====第 102 次总轮循
Tue, 25 Nov 2014 16:06:03 utility.py[line:29] DEBUG =====第 103 次总轮循
Tue, 25 Nov 2014 16:06:13 utility.py[line:29] DEBUG =====第 104 次总轮循
Tue, 25 Nov 2014 16:06:23 utility.py[line:29] DEBUG =====第 105 次总轮循
Tue, 25 Nov 2014 16:06:33 utility.py[line:29] DEBUG =====第 106 次总轮循
Tue, 25 Nov 2014 16:06:43 utility.py[line:29] DEBUG =====第 107 次总轮循
Tue, 25 Nov 2014 16:06:53 utility.py[line:29] DEBUG =====第 108 次总轮循
Tue, 25 Nov 2014 16:07:03 utility.py[line:29] DEBUG =====第 109 次总轮循
Tue, 25 Nov 2014 16:07:13 utility.py[line:29] DEBUG =====第 110 次总轮循
Tue, 25 Nov 2014 16:07:23 utility.py[line:29] DEBUG =====第 111 次总轮循
Tue, 25 Nov 2014 16:07:33 utility.py[line:29] DEBUG =====第 112 次总轮循
Tue, 25 Nov 2014 16:07:43 utility.py[line:29] DEBUG =====第 113 次总轮循
Tue, 25 Nov 2014 16:07:53 utility.py[line:29] DEBUG =====第 114 次总轮循
Tue, 25 Nov 2014 16:08:03 utility.py[line:29] DEBUG =====第 115 次总轮循
Tue, 25 Nov 2014 16:08:13 utility.py[line:29] DEBUG =====第 116 次总轮循
Tue, 25 Nov 2014 16:08:23 utility.py[line:29] DEBUG =====第 117 次总轮循
Tue, 25 Nov 2014 16:08:33 utility.py[line:29] DEBUG =====第 118 次总轮循
Tue, 25 Nov 2014 16:08:43 utility.py[line:29] DEBUG =====第 119 次总轮循
Tue, 25 Nov 2014 16:08:53 utility.py[line:29] DEBUG =====第 120 次总轮循
Tue, 25 Nov 2014 16:09:03 utility.py[line:29] DEBUG =====第 121 次总轮循
Tue, 25 Nov 2014 16:09:13 utility.py[line:29] DEBUG =====第 122 次总轮循
Tue, 25 Nov 2014 16:09:23 utility.py[line:29] DEBUG =====第 123 次总轮循
Tue, 25 Nov 2014 16:09:33 utility.py[line:29] DEBUG =====第 124 次总轮循
Tue, 25 Nov 2014 16:09:43 utility.py[line:29] DEBUG =====第 125 次总轮循
Tue, 25 Nov 2014 16:09:53 utility.py[line:29] DEBUG =====第 126 次总轮循
Tue, 25 Nov 2014 16:10:03 utility.py[line:29] DEBUG =====第 127 次总轮循
Tue, 25 Nov 2014 16:10:13 utility.py[line:29] DEBUG =====第 128 次总轮循
Tue, 25 Nov 2014 16:10:23 utility.py[line:29] DEBUG =====第 129 次总轮循
Tue, 25 Nov 2014 16:10:33 utility.py[line:29] DEBUG =====第 130 次总轮循
Tue, 25 Nov 2014 16:10:43 utility.py[line:29] DEBUG =====第 131 次总轮循
Tue, 25 Nov 2014 16:10:53 utility.py[line:29] DEBUG =====第 132 次总轮循
Tue, 25 Nov 2014 16:11:04 utility.py[line:29] DEBUG =====第 133 次总轮循
Tue, 25 Nov 2014 16:11:13 utility.py[line:29] DEBUG =====第 1 次总轮循
Tue, 25 Nov 2014 16:11:14 utility.py[line:29] DEBUG =====第 134 次总轮循
Tue, 25 Nov 2014 16:11:24 utility.py[line:29] DEBUG =====第 135 次总轮循
Tue, 25 Nov 2014 16:11:34 utility.py[line:29] DEBUG =====第 136 次总轮循
Tue, 25 Nov 2014 16:11:44 utility.py[line:29] DEBUG =====第 137 次总轮循
Tue, 25 Nov 2014 16:11:54 utility.py[line:29] DEBUG =====第 138 次总轮循
Tue, 25 Nov 2014 16:12:04 utility.py[line:29] DEBUG =====第 139 次总轮循
Tue, 25 Nov 2014 16:12:14 utility.py[line:29] DEBUG =====第 140 次总轮循
Tue, 25 Nov 2014 16:12:24 utility.py[line:29] DEBUG =====第 141 次总轮循
Tue, 25 Nov 2014 16:12:34 utility.py[line:29] DEBUG =====第 142 次总轮循
Tue, 25 Nov 2014 16:12:44 utility.py[line:29] DEBUG =====第 143 次总轮循
Tue, 25 Nov 2014 16:12:50 utility.py[line:29] DEBUG =====第 1 次总轮循
Tue, 25 Nov 2014 16:12:54 utility.py[line:29] DEBUG =====第 144 次总轮循
Tue, 25 Nov 2014 16:13:04 utility.py[line:29] DEBUG =====第 145 次总轮循
Tue, 25 Nov 2014 16:13:14 utility.py[line:29] DEBUG =====第 146 次总轮循
Tue, 25 Nov 2014 16:13:23 utility.py[line:29] DEBUG =====第 1 次总轮循
Tue, 25 Nov 2014 16:13:24 utility.py[line:29] DEBUG =====第 147 次总轮循
Tue, 25 Nov 2014 16:13:33 utility.py[line:29] DEBUG =====第 2 次总轮循
Tue, 25 Nov 2014 16:13:34 utility.py[line:29] DEBUG =====第 148 次总轮循
Tue, 25 Nov 2014 16:13:44 utility.py[line:29] DEBUG =====第 149 次总轮循
Tue, 25 Nov 2014 16:13:54 utility.py[line:29] DEBUG =====第 150 次总轮循
Tue, 25 Nov 2014 16:14:04 utility.py[line:29] DEBUG =====第 151 次总轮循
Tue, 25 Nov 2014 16:14:14 utility.py[line:29] DEBUG =====第 152 次总轮循
Tue, 25 Nov 2014 16:14:20 utility.py[line:29] DEBUG =====第 1 次总轮循
Tue, 25 Nov 2014 16:14:24 utility.py[line:29] DEBUG =====第 153 次总轮循
Tue, 25 Nov 2014 16:14:30 utility.py[line:29] DEBUG =====第 2 次总轮循
Tue, 25 Nov 2014 16:14:34 utility.py[line:29] DEBUG =====第 154 次总轮循
Tue, 25 Nov 2014 16:14:40 utility.py[line:29] DEBUG =====第 3 次总轮循
Tue, 25 Nov 2014 16:14:44 utility.py[line:29] DEBUG =====第 155 次总轮循
Tue, 25 Nov 2014 16:14:50 utility.py[line:29] DEBUG =====第 4 次总轮循
Tue, 25 Nov 2014 16:14:54 utility.py[line:29] DEBUG =====第 156 次总轮循
Tue, 25 Nov 2014 16:15:04 utility.py[line:29] DEBUG =====第 157 次总轮循
Tue, 25 Nov 2014 16:15:14 utility.py[line:29] DEBUG =====第 158 次总轮循
Tue, 25 Nov 2014 16:15:24 utility.py[line:29] DEBUG =====第 159 次总轮循
Tue, 25 Nov 2014 16:15:34 utility.py[line:29] DEBUG =====第 160 次总轮循
Tue, 25 Nov 2014 16:15:44 utility.py[line:29] DEBUG =====第 161 次总轮循
Tue, 25 Nov 2014 16:15:54 utility.py[line:29] DEBUG =====第 162 次总轮循
Tue, 25 Nov 2014 16:16:04 utility.py[line:29] DEBUG =====第 163 次总轮循
Tue, 25 Nov 2014 16:16:14 utility.py[line:29] DEBUG =====第 164 次总轮循
Tue, 25 Nov 2014 16:16:24 utility.py[line:29] DEBUG =====第 165 次总轮循
Tue, 25 Nov 2014 16:16:34 utility.py[line:29] DEBUG =====第 166 次总轮循
Tue, 25 Nov 2014 16:16:44 utility.py[line:29] DEBUG =====第 167 次总轮循
Tue, 25 Nov 2014 16:16:54 utility.py[line:29] DEBUG =====第 168 次总轮循
Tue, 25 Nov 2014 16:17:04 utility.py[line:29] DEBUG =====第 169 次总轮循
Tue, 25 Nov 2014 16:17:14 utility.py[line:29] DEBUG =====第 170 次总轮循
Tue, 25 Nov 2014 16:17:24 utility.py[line:29] DEBUG =====第 171 次总轮循
Tue, 25 Nov 2014 16:17:34 utility.py[line:29] DEBUG =====第 172 次总轮循
Tue, 25 Nov 2014 16:17:44 utility.py[line:29] DEBUG =====第 173 次总轮循
Tue, 25 Nov 2014 16:17:54 utility.py[line:29] DEBUG =====第 174 次总轮循
Tue, 25 Nov 2014 16:18:04 utility.py[line:29] DEBUG =====第 175 次总轮循
Tue, 25 Nov 2014 16:18:14 utility.py[line:29] DEBUG =====第 176 次总轮循
Tue, 25 Nov 2014 16:18:24 utility.py[line:29] DEBUG =====第 177 次总轮循
Tue, 25 Nov 2014 16:18:34 utility.py[line:29] DEBUG =====第 178 次总轮循
Tue, 25 Nov 2014 16:18:44 utility.py[line:29] DEBUG =====第 179 次总轮循
Tue, 25 Nov 2014 16:18:54 utility.py[line:29] DEBUG =====第 180 次总轮循
Tue, 25 Nov 2014 16:19:04 utility.py[line:29] DEBUG =====第 181 次总轮循
Tue, 25 Nov 2014 16:19:14 utility.py[line:29] DEBUG =====第 182 次总轮循
Tue, 25 Nov 2014 16:19:24 utility.py[line:29] DEBUG =====第 183 次总轮循
Tue, 25 Nov 2014 16:19:34 utility.py[line:29] DEBUG =====第 184 次总轮循
Tue, 25 Nov 2014 16:19:44 utility.py[line:29] DEBUG =====第 185 次总轮循
Tue, 25 Nov 2014 16:19:54 utility.py[line:29] DEBUG =====第 186 次总轮循
Tue, 25 Nov 2014 16:20:04 utility.py[line:29] DEBUG =====第 187 次总轮循
Tue, 25 Nov 2014 16:20:14 utility.py[line:29] DEBUG =====第 188 次总轮循
Tue, 25 Nov 2014 16:20:24 utility.py[line:29] DEBUG =====第 189 次总轮循
Tue, 25 Nov 2014 16:20:34 utility.py[line:29] DEBUG =====第 190 次总轮循
Tue, 25 Nov 2014 16:20:44 utility.py[line:29] DEBUG =====第 191 次总轮循
Tue, 25 Nov 2014 16:20:54 utility.py[line:29] DEBUG =====第 192 次总轮循
Tue, 25 Nov 2014 16:21:04 utility.py[line:29] DEBUG =====第 193 次总轮循
Tue, 25 Nov 2014 16:21:14 utility.py[line:29] DEBUG =====第 194 次总轮循
Tue, 25 Nov 2014 16:21:24 utility.py[line:29] DEBUG =====第 195 次总轮循
Tue, 25 Nov 2014 16:21:34 utility.py[line:29] DEBUG =====第 196 次总轮循
Tue, 25 Nov 2014 16:21:44 utility.py[line:29] DEBUG =====第 197 次总轮循
Tue, 25 Nov 2014 16:21:54 utility.py[line:29] DEBUG =====第 198 次总轮循
Tue, 25 Nov 2014 16:22:04 utility.py[line:29] DEBUG =====第 199 次总轮循
Tue, 25 Nov 2014 16:22:14 utility.py[line:29] DEBUG =====第 200 次总轮循
Tue, 25 Nov 2014 16:22:24 utility.py[line:29] DEBUG =====第 201 次总轮循
Tue, 25 Nov 2014 16:22:34 utility.py[line:29] DEBUG =====第 202 次总轮循
Tue, 25 Nov 2014 16:22:44 utility.py[line:29] DEBUG =====第 203 次总轮循
Tue, 25 Nov 2014 16:22:54 utility.py[line:29] DEBUG =====第 204 次总轮循
Tue, 25 Nov 2014 16:23:04 utility.py[line:29] DEBUG =====第 205 次总轮循
Tue, 25 Nov 2014 16:23:15 utility.py[line:29] DEBUG =====第 206 次总轮循
Tue, 25 Nov 2014 16:23:25 utility.py[line:29] DEBUG =====第 207 次总轮循
Tue, 25 Nov 2014 16:23:35 utility.py[line:29] DEBUG =====第 208 次总轮循
Tue, 25 Nov 2014 16:23:45 utility.py[line:29] DEBUG =====第 209 次总轮循
Tue, 25 Nov 2014 16:23:55 utility.py[line:29] DEBUG =====第 210 次总轮循
Tue, 25 Nov 2014 16:24:05 utility.py[line:29] DEBUG =====第 211 次总轮循
Tue, 25 Nov 2014 16:24:15 utility.py[line:29] DEBUG =====第 212 次总轮循
Tue, 25 Nov 2014 16:24:25 utility.py[line:29] DEBUG =====第 213 次总轮循
Tue, 25 Nov 2014 16:24:35 utility.py[line:29] DEBUG =====第 214 次总轮循
Tue, 25 Nov 2014 16:24:45 utility.py[line:29] DEBUG =====第 215 次总轮循
Tue, 25 Nov 2014 16:24:55 utility.py[line:29] DEBUG =====第 216 次总轮循
Tue, 25 Nov 2014 16:25:05 utility.py[line:29] DEBUG =====第 217 次总轮循
Tue, 25 Nov 2014 16:25:15 utility.py[line:29] DEBUG =====第 218 次总轮循
Tue, 25 Nov 2014 16:25:25 utility.py[line:29] DEBUG =====第 219 次总轮循
Tue, 25 Nov 2014 16:25:35 utility.py[line:29] DEBUG =====第 220 次总轮循
Tue, 25 Nov 2014 16:25:45 utility.py[line:29] DEBUG =====第 221 次总轮循
Tue, 25 Nov 2014 16:25:55 utility.py[line:29] DEBUG =====第 222 次总轮循
Tue, 25 Nov 2014 16:26:05 utility.py[line:29] DEBUG =====第 223 次总轮循
Tue, 25 Nov 2014 16:26:15 utility.py[line:29] DEBUG =====第 224 次总轮循
Tue, 25 Nov 2014 16:26:25 utility.py[line:29] DEBUG =====第 225 次总轮循
Tue, 25 Nov 2014 16:26:35 utility.py[line:29] DEBUG =====第 226 次总轮循
Tue, 25 Nov 2014 16:26:45 utility.py[line:29] DEBUG =====第 227 次总轮循
Tue, 25 Nov 2014 16:26:55 utility.py[line:29] DEBUG =====第 228 次总轮循
Tue, 25 Nov 2014 16:27:05 utility.py[line:29] DEBUG =====第 229 次总轮循
Tue, 25 Nov 2014 16:27:15 utility.py[line:29] DEBUG =====第 230 次总轮循
Tue, 25 Nov 2014 16:27:25 utility.py[line:29] DEBUG =====第 231 次总轮循
Tue, 25 Nov 2014 16:27:35 utility.py[line:29] DEBUG =====第 232 次总轮循
Tue, 25 Nov 2014 16:27:45 utility.py[line:29] DEBUG =====第 233 次总轮循
Tue, 25 Nov 2014 16:27:55 utility.py[line:29] DEBUG =====第 234 次总轮循
Tue, 25 Nov 2014 16:28:05 utility.py[line:29] DEBUG =====第 235 次总轮循
Tue, 25 Nov 2014 16:28:15 utility.py[line:29] DEBUG =====第 236 次总轮循
Tue, 25 Nov 2014 16:28:25 utility.py[line:29] DEBUG =====第 237 次总轮循
Tue, 25 Nov 2014 16:28:35 utility.py[line:29] DEBUG =====第 238 次总轮循
Tue, 25 Nov 2014 16:28:45 utility.py[line:29] DEBUG =====第 239 次总轮循
Tue, 25 Nov 2014 16:28:55 utility.py[line:29] DEBUG =====第 240 次总轮循
Tue, 25 Nov 2014 16:29:05 utility.py[line:29] DEBUG =====第 241 次总轮循
Tue, 25 Nov 2014 16:29:15 utility.py[line:29] DEBUG =====第 242 次总轮循
Tue, 25 Nov 2014 16:29:25 utility.py[line:29] DEBUG =====第 243 次总轮循
Tue, 25 Nov 2014 16:29:35 utility.py[line:29] DEBUG =====第 244 次总轮循
Tue, 25 Nov 2014 16:29:45 utility.py[line:29] DEBUG =====第 245 次总轮循
Tue, 25 Nov 2014 16:29:55 utility.py[line:29] DEBUG =====第 246 次总轮循
Tue, 25 Nov 2014 16:30:05 utility.py[line:29] DEBUG =====第 247 次总轮循
Tue, 25 Nov 2014 16:30:15 utility.py[line:29] DEBUG =====第 248 次总轮循
Tue, 25 Nov 2014 16:30:25 utility.py[line:29] DEBUG =====第 249 次总轮循
Tue, 25 Nov 2014 16:30:35 utility.py[line:29] DEBUG =====第 250 次总轮循
Tue, 25 Nov 2014 16:30:45 utility.py[line:29] DEBUG =====第 251 次总轮循
Tue, 25 Nov 2014 16:30:55 utility.py[line:29] DEBUG =====第 252 次总轮循
Tue, 25 Nov 2014 16:31:05 utility.py[line:29] DEBUG =====第 253 次总轮循
Tue, 25 Nov 2014 16:31:15 utility.py[line:29] DEBUG =====第 254 次总轮循
Tue, 25 Nov 2014 16:31:25 utility.py[line:29] DEBUG =====第 255 次总轮循
Tue, 25 Nov 2014 16:31:35 utility.py[line:29] DEBUG =====第 256 次总轮循
Tue, 25 Nov 2014 16:31:45 utility.py[line:29] DEBUG =====第 257 次总轮循
Tue, 25 Nov 2014 16:31:55 utility.py[line:29] DEBUG =====第 258 次总轮循
Tue, 25 Nov 2014 16:32:05 utility.py[line:29] DEBUG =====第 259 次总轮循
Tue, 25 Nov 2014 16:32:15 utility.py[line:29] DEBUG =====第 260 次总轮循
Tue, 25 Nov 2014 16:32:25 utility.py[line:29] DEBUG =====第 261 次总轮循
Tue, 25 Nov 2014 16:32:35 utility.py[line:29] DEBUG =====第 262 次总轮循
Tue, 25 Nov 2014 16:32:45 utility.py[line:29] DEBUG =====第 263 次总轮循
Tue, 25 Nov 2014 16:32:55 utility.py[line:29] DEBUG =====第 264 次总轮循
Tue, 25 Nov 2014 16:33:05 utility.py[line:29] DEBUG =====第 265 次总轮循
Tue, 25 Nov 2014 16:33:15 utility.py[line:29] DEBUG =====第 266 次总轮循
Tue, 25 Nov 2014 16:33:25 utility.py[line:29] DEBUG =====第 267 次总轮循
Tue, 25 Nov 2014 16:33:35 utility.py[line:29] DEBUG =====第 268 次总轮循
Tue, 25 Nov 2014 16:33:45 utility.py[line:29] DEBUG =====第 269 次总轮循
Tue, 25 Nov 2014 16:33:55 utility.py[line:29] DEBUG =====第 270 次总轮循
Tue, 25 Nov 2014 16:34:05 utility.py[line:29] DEBUG =====第 271 次总轮循
Tue, 25 Nov 2014 16:34:15 utility.py[line:29] DEBUG =====第 272 次总轮循
Tue, 25 Nov 2014 16:34:25 utility.py[line:29] DEBUG =====第 273 次总轮循
Tue, 25 Nov 2014 16:34:35 utility.py[line:29] DEBUG =====第 274 次总轮循
Tue, 25 Nov 2014 16:34:45 utility.py[line:29] DEBUG =====第 275 次总轮循
Tue, 25 Nov 2014 16:34:55 utility.py[line:29] DEBUG =====第 276 次总轮循
Tue, 25 Nov 2014 16:35:05 utility.py[line:29] DEBUG =====第 277 次总轮循
Tue, 25 Nov 2014 16:35:15 utility.py[line:29] DEBUG =====第 278 次总轮循
Tue, 25 Nov 2014 16:35:25 utility.py[line:29] DEBUG =====第 279 次总轮循
Tue, 25 Nov 2014 16:35:35 utility.py[line:29] DEBUG =====第 280 次总轮循
Tue, 25 Nov 2014 16:35:45 utility.py[line:29] DEBUG =====第 281 次总轮循
Tue, 25 Nov 2014 16:35:55 utility.py[line:29] DEBUG =====第 282 次总轮循
Tue, 25 Nov 2014 16:36:05 utility.py[line:29] DEBUG =====第 283 次总轮循
Tue, 25 Nov 2014 16:36:15 utility.py[line:29] DEBUG =====第 284 次总轮循
Tue, 25 Nov 2014 16:36:25 utility.py[line:29] DEBUG =====第 285 次总轮循
Tue, 25 Nov 2014 16:36:35 utility.py[line:29] DEBUG =====第 286 次总轮循
Tue, 25 Nov 2014 16:36:46 utility.py[line:29] DEBUG =====第 287 次总轮循
Tue, 25 Nov 2014 16:36:56 utility.py[line:29] DEBUG =====第 288 次总轮循
Tue, 25 Nov 2014 16:37:06 utility.py[line:29] DEBUG =====第 289 次总轮循
Tue, 25 Nov 2014 16:37:16 utility.py[line:29] DEBUG =====第 290 次总轮循
Tue, 25 Nov 2014 16:37:26 utility.py[line:29] DEBUG =====第 291 次总轮循
Tue, 25 Nov 2014 16:37:36 utility.py[line:29] DEBUG =====第 292 次总轮循
Tue, 25 Nov 2014 16:37:46 utility.py[line:29] DEBUG =====第 293 次总轮循
Tue, 25 Nov 2014 16:37:56 utility.py[line:29] DEBUG =====第 294 次总轮循
Tue, 25 Nov 2014 16:38:06 utility.py[line:29] DEBUG =====第 295 次总轮循
Tue, 25 Nov 2014 16:38:16 utility.py[line:29] DEBUG =====第 296 次总轮循
Tue, 25 Nov 2014 16:38:26 utility.py[line:29] DEBUG =====第 297 次总轮循
Tue, 25 Nov 2014 16:38:36 utility.py[line:29] DEBUG =====第 298 次总轮循
Tue, 25 Nov 2014 16:38:46 utility.py[line:29] DEBUG =====第 299 次总轮循
Tue, 25 Nov 2014 16:38:56 utility.py[line:29] DEBUG =====第 300 次总轮循
Tue, 25 Nov 2014 16:39:06 utility.py[line:29] DEBUG =====第 301 次总轮循
Tue, 25 Nov 2014 16:39:16 utility.py[line:29] DEBUG =====第 302 次总轮循
Tue, 25 Nov 2014 16:39:26 utility.py[line:29] DEBUG =====第 303 次总轮循
Tue, 25 Nov 2014 16:39:36 utility.py[line:29] DEBUG =====第 304 次总轮循
Tue, 25 Nov 2014 16:39:46 utility.py[line:29] DEBUG =====第 305 次总轮循
Tue, 25 Nov 2014 16:39:56 utility.py[line:29] DEBUG =====第 306 次总轮循
Tue, 25 Nov 2014 16:40:06 utility.py[line:29] DEBUG =====第 307 次总轮循
Tue, 25 Nov 2014 16:40:16 utility.py[line:29] DEBUG =====第 308 次总轮循
Tue, 25 Nov 2014 16:40:26 utility.py[line:29] DEBUG =====第 309 次总轮循
Tue, 25 Nov 2014 16:40:36 utility.py[line:29] DEBUG =====第 310 次总轮循
Tue, 25 Nov 2014 16:40:46 utility.py[line:29] DEBUG =====第 311 次总轮循
Tue, 25 Nov 2014 16:40:56 utility.py[line:29] DEBUG =====第 312 次总轮循
Tue, 25 Nov 2014 16:41:06 utility.py[line:29] DEBUG =====第 313 次总轮循
Tue, 25 Nov 2014 16:41:16 utility.py[line:29] DEBUG =====第 314 次总轮循
Tue, 25 Nov 2014 16:41:26 utility.py[line:29] DEBUG =====第 315 次总轮循
Tue, 25 Nov 2014 16:41:36 utility.py[line:29] DEBUG =====第 316 次总轮循
Tue, 25 Nov 2014 16:41:46 utility.py[line:29] DEBUG =====第 317 次总轮循
Tue, 25 Nov 2014 16:41:56 utility.py[line:29] DEBUG =====第 318 次总轮循
Tue, 25 Nov 2014 16:42:06 utility.py[line:29] DEBUG =====第 319 次总轮循
Tue, 25 Nov 2014 16:42:16 utility.py[line:29] DEBUG =====第 320 次总轮循
Tue, 25 Nov 2014 16:42:26 utility.py[line:29] DEBUG =====第 321 次总轮循
Tue, 25 Nov 2014 16:42:36 utility.py[line:29] DEBUG =====第 322 次总轮循
Tue, 25 Nov 2014 16:42:46 utility.py[line:29] DEBUG =====第 323 次总轮循
Tue, 25 Nov 2014 16:42:56 utility.py[line:29] DEBUG =====第 324 次总轮循
Tue, 25 Nov 2014 16:43:06 utility.py[line:29] DEBUG =====第 325 次总轮循
Tue, 25 Nov 2014 16:43:16 utility.py[line:29] DEBUG =====第 326 次总轮循
Tue, 25 Nov 2014 16:43:26 utility.py[line:29] DEBUG =====第 327 次总轮循
Tue, 25 Nov 2014 16:43:36 utility.py[line:29] DEBUG =====第 328 次总轮循
Tue, 25 Nov 2014 16:43:46 utility.py[line:29] DEBUG =====第 329 次总轮循
Tue, 25 Nov 2014 16:43:56 utility.py[line:29] DEBUG =====第 330 次总轮循
Tue, 25 Nov 2014 16:44:06 utility.py[line:29] DEBUG =====第 331 次总轮循
Tue, 25 Nov 2014 16:44:16 utility.py[line:29] DEBUG =====第 332 次总轮循
Tue, 25 Nov 2014 16:44:26 utility.py[line:29] DEBUG =====第 333 次总轮循
Tue, 25 Nov 2014 16:44:36 utility.py[line:29] DEBUG =====第 334 次总轮循
Tue, 25 Nov 2014 16:44:46 utility.py[line:29] DEBUG =====第 335 次总轮循
Tue, 25 Nov 2014 16:44:56 utility.py[line:29] DEBUG =====第 336 次总轮循
Tue, 25 Nov 2014 16:45:06 utility.py[line:29] DEBUG =====第 337 次总轮循
Tue, 25 Nov 2014 16:45:16 utility.py[line:29] DEBUG =====第 338 次总轮循
Tue, 25 Nov 2014 16:45:26 utility.py[line:29] DEBUG =====第 339 次总轮循
Tue, 25 Nov 2014 16:45:36 utility.py[line:29] DEBUG =====第 340 次总轮循
Tue, 25 Nov 2014 16:45:46 utility.py[line:29] DEBUG =====第 341 次总轮循
Tue, 25 Nov 2014 16:45:56 utility.py[line:29] DEBUG =====第 342 次总轮循
Tue, 25 Nov 2014 16:46:06 utility.py[line:29] DEBUG =====第 343 次总轮循
Tue, 25 Nov 2014 16:46:16 utility.py[line:29] DEBUG =====第 344 次总轮循
Tue, 25 Nov 2014 16:46:26 utility.py[line:29] DEBUG =====第 345 次总轮循
Tue, 25 Nov 2014 16:46:36 utility.py[line:29] DEBUG =====第 346 次总轮循
Tue, 25 Nov 2014 16:46:46 utility.py[line:29] DEBUG =====第 347 次总轮循
Tue, 25 Nov 2014 16:46:56 utility.py[line:29] DEBUG =====第 348 次总轮循
Tue, 25 Nov 2014 16:47:06 utility.py[line:29] DEBUG =====第 349 次总轮循
Tue, 25 Nov 2014 16:47:16 utility.py[line:29] DEBUG =====第 350 次总轮循
Tue, 25 Nov 2014 16:47:26 utility.py[line:29] DEBUG =====第 351 次总轮循
Tue, 25 Nov 2014 16:47:36 utility.py[line:29] DEBUG =====第 352 次总轮循
Tue, 25 Nov 2014 16:47:46 utility.py[line:29] DEBUG =====第 353 次总轮循
Tue, 25 Nov 2014 16:47:56 utility.py[line:29] DEBUG =====第 354 次总轮循
Tue, 25 Nov 2014 16:48:06 utility.py[line:29] DEBUG =====第 355 次总轮循
Tue, 25 Nov 2014 16:48:16 utility.py[line:29] DEBUG =====第 356 次总轮循
Tue, 25 Nov 2014 16:48:27 utility.py[line:29] DEBUG =====第 357 次总轮循
Tue, 25 Nov 2014 16:48:37 utility.py[line:29] DEBUG =====第 358 次总轮循
Tue, 25 Nov 2014 16:48:47 utility.py[line:29] DEBUG =====第 359 次总轮循
Tue, 25 Nov 2014 16:48:57 utility.py[line:29] DEBUG =====第 360 次总轮循
Tue, 25 Nov 2014 16:49:07 utility.py[line:29] DEBUG =====第 361 次总轮循
Tue, 25 Nov 2014 16:49:17 utility.py[line:29] DEBUG =====第 362 次总轮循
Tue, 25 Nov 2014 16:49:27 utility.py[line:29] DEBUG =====第 363 次总轮循
Tue, 25 Nov 2014 16:49:37 utility.py[line:29] DEBUG =====第 364 次总轮循
Tue, 25 Nov 2014 16:49:47 utility.py[line:29] DEBUG =====第 365 次总轮循
Tue, 25 Nov 2014 16:49:57 utility.py[line:29] DEBUG =====第 366 次总轮循
Tue, 25 Nov 2014 16:50:07 utility.py[line:29] DEBUG =====第 367 次总轮循
Tue, 25 Nov 2014 16:50:17 utility.py[line:29] DEBUG =====第 368 次总轮循
Tue, 25 Nov 2014 16:50:27 utility.py[line:29] DEBUG =====第 369 次总轮循
Tue, 25 Nov 2014 16:50:37 utility.py[line:29] DEBUG =====第 370 次总轮循
Tue, 25 Nov 2014 16:50:47 utility.py[line:29] DEBUG =====第 371 次总轮循
Tue, 25 Nov 2014 16:50:57 utility.py[line:29] DEBUG =====第 372 次总轮循
Tue, 25 Nov 2014 16:51:07 utility.py[line:29] DEBUG =====第 373 次总轮循
Tue, 25 Nov 2014 16:51:17 utility.py[line:29] DEBUG =====第 374 次总轮循
Tue, 25 Nov 2014 16:51:27 utility.py[line:29] DEBUG =====第 375 次总轮循
Tue, 25 Nov 2014 16:51:37 utility.py[line:29] DEBUG =====第 376 次总轮循
Tue, 25 Nov 2014 16:51:47 utility.py[line:29] DEBUG =====第 377 次总轮循
Tue, 25 Nov 2014 16:51:57 utility.py[line:29] DEBUG =====第 378 次总轮循
Tue, 25 Nov 2014 16:52:07 utility.py[line:29] DEBUG =====第 379 次总轮循
Tue, 25 Nov 2014 16:52:17 utility.py[line:29] DEBUG =====第 380 次总轮循
Tue, 25 Nov 2014 16:52:27 utility.py[line:29] DEBUG =====第 381 次总轮循
